
Running command: /usr/local/bin/pip3 install --use-deprecated=legacy-resolver --user --log=/home/odoo/logs/pip.log -r /home/odoo/.requirements.txt
2022-04-28T10:53:26,097 Using pip 21.3.1 from /usr/local/lib/python3.6/dist-packages/pip (python 3.6)
2022-04-28T10:53:26,098 User install by explicit request
2022-04-28T10:53:26,181 Created temporary directory: /tmp/pip-ephem-wheel-cache-mlgqu8uf
2022-04-28T10:53:26,182 Created temporary directory: /tmp/pip-req-tracker-lhucldb2
2022-04-28T10:53:26,182 Initialized build tracking at /tmp/pip-req-tracker-lhucldb2
2022-04-28T10:53:26,182 Created build tracker: /tmp/pip-req-tracker-lhucldb2
2022-04-28T10:53:26,182 Entered build tracker: /tmp/pip-req-tracker-lhucldb2
2022-04-28T10:53:26,182 Created temporary directory: /tmp/pip-install-mbe0kwap
2022-04-28T10:53:26,197 Requirement already satisfied: bokeh==1.1.0 in ./.local/lib/python3.6/site-packages (from -r /home/odoo/.requirements.txt (line 2)) (1.1.0)
2022-04-28T10:53:26,206 Requirement already satisfied: matplotlib>=2.0.0 in /usr/lib/python3/dist-packages (from -r /home/odoo/.requirements.txt (line 4)) (2.1.1)
2022-04-28T10:53:26,206 Requirement already satisfied: mpld3==0.3 in ./.local/lib/python3.6/site-packages (from -r /home/odoo/.requirements.txt (line 5)) (0.3)
2022-04-28T10:53:26,208 Requirement already satisfied: altair in ./.local/lib/python3.6/site-packages (from -r /home/odoo/.requirements.txt (line 6)) (4.1.0)
2022-04-28T10:53:26,220 Requirement already satisfied: py3o.template==0.10.0 in ./.local/lib/python3.6/site-packages (from -r /home/odoo/.requirements.txt (line 7)) (0.10.0)
2022-04-28T10:53:26,228 Requirement already satisfied: py3o.formats==0.3 in ./.local/lib/python3.6/site-packages (from -r /home/odoo/.requirements.txt (line 8)) (0.3)
2022-04-28T10:53:26,229 Requirement already satisfied: cubiscan in ./.local/lib/python3.6/site-packages (from -r /home/odoo/.requirements.txt (line 9)) (0.0.3)
2022-04-28T10:53:26,232 Requirement already satisfied: mock in /usr/lib/python3/dist-packages (from -r /home/odoo/.requirements.txt (line 10)) (2.0.0)
2022-04-28T10:53:26,238 Requirement already satisfied: linkedin in ./.local/lib/python3.6/site-packages (from -r /home/odoo/.requirements.txt (line 11)) (0.1.5)
2022-04-28T10:53:26,241 Requirement already satisfied: mechanicalsoup in ./.local/lib/python3.6/site-packages (from -r /home/odoo/.requirements.txt (line 12)) (1.1.0)
2022-04-28T10:53:26,244 Requirement already satisfied: mechanize in ./.local/lib/python3.6/site-packages (from -r /home/odoo/.requirements.txt (line 13)) (0.4.7)
2022-04-28T10:53:26,248 Requirement already satisfied: pandas in /usr/lib/python3/dist-packages (from -r /home/odoo/.requirements.txt (line 14)) (0.22.0)
2022-04-28T10:53:26,249 Requirement already satisfied: python-barcode in ./.local/lib/python3.6/site-packages (from -r /home/odoo/.requirements.txt (line 15)) (0.13.1)
2022-04-28T10:53:26,251 Requirement already satisfied: six>=1.5.2 in /usr/local/lib/python3.6/dist-packages (from bokeh==1.1.0->-r /home/odoo/.requirements.txt (line 2)) (1.16.0)
2022-04-28T10:53:26,253 Requirement already satisfied: PyYAML>=3.10 in /usr/lib/python3/dist-packages (from bokeh==1.1.0->-r /home/odoo/.requirements.txt (line 2)) (3.12)
2022-04-28T10:53:26,254 Requirement already satisfied: tornado>=4.3 in /usr/local/lib/python3.6/dist-packages (from bokeh==1.1.0->-r /home/odoo/.requirements.txt (line 2)) (6.1)
2022-04-28T10:53:26,256 Requirement already satisfied: numpy>=1.7.1 in /usr/lib/python3/dist-packages (from bokeh==1.1.0->-r /home/odoo/.requirements.txt (line 2)) (1.13.3)
2022-04-28T10:53:26,257 Requirement already satisfied: python-dateutil>=2.1 in /usr/lib/python3/dist-packages (from bokeh==1.1.0->-r /home/odoo/.requirements.txt (line 2)) (2.6.1)
2022-04-28T10:53:26,258 Requirement already satisfied: pillow>=4.0 in /usr/lib/python3/dist-packages (from bokeh==1.1.0->-r /home/odoo/.requirements.txt (line 2)) (5.1.0)
2022-04-28T10:53:26,259 Requirement already satisfied: packaging>=16.8 in ./.local/lib/python3.6/site-packages (from bokeh==1.1.0->-r /home/odoo/.requirements.txt (line 2)) (20.4)
2022-04-28T10:53:26,263 Requirement already satisfied: Jinja2>=2.7 in /usr/lib/python3/dist-packages (from bokeh==1.1.0->-r /home/odoo/.requirements.txt (line 2)) (2.10)
2022-04-28T10:53:26,264 Requirement already satisfied: toolz in ./.local/lib/python3.6/site-packages (from altair->-r /home/odoo/.requirements.txt (line 6)) (0.11.1)
2022-04-28T10:53:26,267 Requirement already satisfied: jsonschema in /usr/local/lib/python3.6/dist-packages (from altair->-r /home/odoo/.requirements.txt (line 6)) (3.0.1)
2022-04-28T10:53:26,279 Requirement already satisfied: entrypoints in /usr/local/lib/python3.6/dist-packages (from altair->-r /home/odoo/.requirements.txt (line 6)) (0.3)
2022-04-28T10:53:26,282 Requirement already satisfied: lxml in /usr/local/lib/python3.6/dist-packages (from py3o.template==0.10.0->-r /home/odoo/.requirements.txt (line 7)) (4.2.3)
2022-04-28T10:53:26,290 Requirement already satisfied: babel in /usr/lib/python3/dist-packages (from py3o.template==0.10.0->-r /home/odoo/.requirements.txt (line 7)) (2.4.0)
2022-04-28T10:53:26,291 Requirement already satisfied: genshi>=0.7 in ./.local/lib/python3.6/site-packages (from py3o.template==0.10.0->-r /home/odoo/.requirements.txt (line 7)) (0.7.5)
2022-04-28T10:53:26,295 Requirement already satisfied: setuptools in /usr/local/lib/python3.6/dist-packages (from py3o.template==0.10.0->-r /home/odoo/.requirements.txt (line 7)) (57.0.0)
2022-04-28T10:53:26,327 Requirement already satisfied: pyjon.utils>0.6 in ./.local/lib/python3.6/site-packages (from py3o.template==0.10.0->-r /home/odoo/.requirements.txt (line 7)) (0.7)
2022-04-28T10:53:26,329 Requirement already satisfied: future in ./.local/lib/python3.6/site-packages (from cubiscan->-r /home/odoo/.requirements.txt (line 9)) (0.18.2)
2022-04-28T10:53:26,330 Requirement already satisfied: unicodecsv in ./.local/lib/python3.6/site-packages (from cubiscan->-r /home/odoo/.requirements.txt (line 9)) (0.14.1)
2022-04-28T10:53:26,332 Requirement already satisfied: simplejson in /usr/lib/python3/dist-packages (from linkedin->-r /home/odoo/.requirements.txt (line 11)) (3.13.2)
2022-04-28T10:53:26,332 Requirement already satisfied: oauth2 in ./.local/lib/python3.6/site-packages (from linkedin->-r /home/odoo/.requirements.txt (line 11)) (1.9.0.post1)
2022-04-28T10:53:26,334 Requirement already satisfied: httplib2 in /usr/lib/python3/dist-packages (from linkedin->-r /home/odoo/.requirements.txt (line 11)) (0.9.2)
2022-04-28T10:53:26,335 Requirement already satisfied: requests>=2.22.0 in ./.local/lib/python3.6/site-packages (from mechanicalsoup->-r /home/odoo/.requirements.txt (line 12)) (2.26.0)
2022-04-28T10:53:26,347 Requirement already satisfied: beautifulsoup4>=4.7 in ./.local/lib/python3.6/site-packages (from mechanicalsoup->-r /home/odoo/.requirements.txt (line 12)) (4.10.0)
2022-04-28T10:53:26,351 Requirement already satisfied: html5lib>=0.999999999 in /usr/lib/python3/dist-packages (from mechanize->-r /home/odoo/.requirements.txt (line 13)) (0.999999999)
2022-04-28T10:53:26,357 Requirement already satisfied: pyparsing>=2.0.2 in /usr/lib/python3/dist-packages (from packaging>=16.8->bokeh==1.1.0->-r /home/odoo/.requirements.txt (line 2)) (2.2.0)
2022-04-28T10:53:26,358 Requirement already satisfied: pyrsistent>=0.14.0 in /usr/local/lib/python3.6/dist-packages (from jsonschema->altair->-r /home/odoo/.requirements.txt (line 6)) (0.14.11)
2022-04-28T10:53:26,362 Requirement already satisfied: attrs>=17.4.0 in /usr/local/lib/python3.6/dist-packages (from jsonschema->altair->-r /home/odoo/.requirements.txt (line 6)) (19.1.0)
2022-04-28T10:53:26,379 Requirement already satisfied: charset-normalizer~=2.0.0; python_version >= "3" in ./.local/lib/python3.6/site-packages (from requests>=2.22.0->mechanicalsoup->-r /home/odoo/.requirements.txt (line 12)) (2.0.6)
2022-04-28T10:53:26,382 Requirement already satisfied: idna<4,>=2.5; python_version >= "3" in /usr/lib/python3/dist-packages (from requests>=2.22.0->mechanicalsoup->-r /home/odoo/.requirements.txt (line 12)) (2.6)
2022-04-28T10:53:26,384 Requirement already satisfied: urllib3<1.27,>=1.21.1 in /usr/local/lib/python3.6/dist-packages (from requests>=2.22.0->mechanicalsoup->-r /home/odoo/.requirements.txt (line 12)) (1.22)
2022-04-28T10:53:26,394 Requirement already satisfied: certifi>=2017.4.17 in /usr/local/lib/python3.6/dist-packages (from requests>=2.22.0->mechanicalsoup->-r /home/odoo/.requirements.txt (line 12)) (2019.3.9)
2022-04-28T10:53:26,396 Requirement already satisfied: soupsieve>1.2 in ./.local/lib/python3.6/site-packages (from beautifulsoup4>=4.7->mechanicalsoup->-r /home/odoo/.requirements.txt (line 12)) (2.2.1)
2022-04-28T10:53:26,750 Removed build tracker: '/tmp/pip-req-tracker-lhucldb2'

Running command: /usr/local/bin/pip3 install --use-deprecated=legacy-resolver --user --log=/home/odoo/logs/pip.log -r /home/odoo/.requirements.txt
2022-04-29T07:45:06,660 Using pip 21.3.1 from /usr/local/lib/python3.6/dist-packages/pip (python 3.6)
2022-04-29T07:45:06,661 User install by explicit request
2022-04-29T07:45:07,057 Created temporary directory: /tmp/pip-ephem-wheel-cache-kqw8jgds
2022-04-29T07:45:07,057 Created temporary directory: /tmp/pip-req-tracker-l0mzi8pc
2022-04-29T07:45:07,057 Initialized build tracking at /tmp/pip-req-tracker-l0mzi8pc
2022-04-29T07:45:07,058 Created build tracker: /tmp/pip-req-tracker-l0mzi8pc
2022-04-29T07:45:07,058 Entered build tracker: /tmp/pip-req-tracker-l0mzi8pc
2022-04-29T07:45:07,058 Created temporary directory: /tmp/pip-install-jzrgdzh1
2022-04-29T07:45:07,081 Requirement already satisfied: bokeh==1.1.0 in ./.local/lib/python3.6/site-packages (from -r /home/odoo/.requirements.txt (line 2)) (1.1.0)
2022-04-29T07:45:07,133 Requirement already satisfied: matplotlib>=2.0.0 in /usr/lib/python3/dist-packages (from -r /home/odoo/.requirements.txt (line 4)) (2.1.1)
2022-04-29T07:45:07,134 Requirement already satisfied: mpld3==0.3 in ./.local/lib/python3.6/site-packages (from -r /home/odoo/.requirements.txt (line 5)) (0.3)
2022-04-29T07:45:07,136 Requirement already satisfied: altair in ./.local/lib/python3.6/site-packages (from -r /home/odoo/.requirements.txt (line 6)) (4.1.0)
2022-04-29T07:45:07,171 Requirement already satisfied: py3o.template==0.10.0 in ./.local/lib/python3.6/site-packages (from -r /home/odoo/.requirements.txt (line 7)) (0.10.0)
2022-04-29T07:45:07,181 Requirement already satisfied: py3o.formats==0.3 in ./.local/lib/python3.6/site-packages (from -r /home/odoo/.requirements.txt (line 8)) (0.3)
2022-04-29T07:45:07,188 Requirement already satisfied: cubiscan in ./.local/lib/python3.6/site-packages (from -r /home/odoo/.requirements.txt (line 9)) (0.0.3)
2022-04-29T07:45:07,197 Requirement already satisfied: mock in /usr/lib/python3/dist-packages (from -r /home/odoo/.requirements.txt (line 10)) (2.0.0)
2022-04-29T07:45:07,213 Requirement already satisfied: linkedin in ./.local/lib/python3.6/site-packages (from -r /home/odoo/.requirements.txt (line 11)) (0.1.5)
2022-04-29T07:45:07,218 Requirement already satisfied: mechanicalsoup in ./.local/lib/python3.6/site-packages (from -r /home/odoo/.requirements.txt (line 12)) (1.1.0)
2022-04-29T07:45:07,222 Requirement already satisfied: mechanize in ./.local/lib/python3.6/site-packages (from -r /home/odoo/.requirements.txt (line 13)) (0.4.7)
2022-04-29T07:45:07,228 Requirement already satisfied: pandas in /usr/lib/python3/dist-packages (from -r /home/odoo/.requirements.txt (line 14)) (0.22.0)
2022-04-29T07:45:07,229 Requirement already satisfied: python-barcode in ./.local/lib/python3.6/site-packages (from -r /home/odoo/.requirements.txt (line 15)) (0.13.1)
2022-04-29T07:45:07,235 Requirement already satisfied: Jinja2>=2.7 in /usr/lib/python3/dist-packages (from bokeh==1.1.0->-r /home/odoo/.requirements.txt (line 2)) (2.10)
2022-04-29T07:45:07,238 Requirement already satisfied: python-dateutil>=2.1 in /usr/lib/python3/dist-packages (from bokeh==1.1.0->-r /home/odoo/.requirements.txt (line 2)) (2.6.1)
2022-04-29T07:45:07,240 Requirement already satisfied: numpy>=1.7.1 in /usr/lib/python3/dist-packages (from bokeh==1.1.0->-r /home/odoo/.requirements.txt (line 2)) (1.13.3)
2022-04-29T07:45:07,242 Requirement already satisfied: tornado>=4.3 in /usr/local/lib/python3.6/dist-packages (from bokeh==1.1.0->-r /home/odoo/.requirements.txt (line 2)) (6.1)
2022-04-29T07:45:07,243 Requirement already satisfied: packaging>=16.8 in ./.local/lib/python3.6/site-packages (from bokeh==1.1.0->-r /home/odoo/.requirements.txt (line 2)) (20.4)
2022-04-29T07:45:07,260 Requirement already satisfied: pillow>=4.0 in /usr/lib/python3/dist-packages (from bokeh==1.1.0->-r /home/odoo/.requirements.txt (line 2)) (5.1.0)
2022-04-29T07:45:07,263 Requirement already satisfied: PyYAML>=3.10 in /usr/lib/python3/dist-packages (from bokeh==1.1.0->-r /home/odoo/.requirements.txt (line 2)) (3.12)
2022-04-29T07:45:07,269 Requirement already satisfied: six>=1.5.2 in /usr/local/lib/python3.6/dist-packages (from bokeh==1.1.0->-r /home/odoo/.requirements.txt (line 2)) (1.16.0)
2022-04-29T07:45:07,271 Requirement already satisfied: toolz in ./.local/lib/python3.6/site-packages (from altair->-r /home/odoo/.requirements.txt (line 6)) (0.11.1)
2022-04-29T07:45:07,273 Requirement already satisfied: jsonschema in /usr/local/lib/python3.6/dist-packages (from altair->-r /home/odoo/.requirements.txt (line 6)) (3.0.1)
2022-04-29T07:45:07,291 Requirement already satisfied: entrypoints in /usr/local/lib/python3.6/dist-packages (from altair->-r /home/odoo/.requirements.txt (line 6)) (0.3)
2022-04-29T07:45:07,294 Requirement already satisfied: lxml in /usr/local/lib/python3.6/dist-packages (from py3o.template==0.10.0->-r /home/odoo/.requirements.txt (line 7)) (4.2.3)
2022-04-29T07:45:07,301 Requirement already satisfied: setuptools in /usr/local/lib/python3.6/dist-packages (from py3o.template==0.10.0->-r /home/odoo/.requirements.txt (line 7)) (57.0.0)
2022-04-29T07:45:07,346 Requirement already satisfied: babel in /usr/lib/python3/dist-packages (from py3o.template==0.10.0->-r /home/odoo/.requirements.txt (line 7)) (2.4.0)
2022-04-29T07:45:07,347 Requirement already satisfied: genshi>=0.7 in ./.local/lib/python3.6/site-packages (from py3o.template==0.10.0->-r /home/odoo/.requirements.txt (line 7)) (0.7.5)
2022-04-29T07:45:07,354 Requirement already satisfied: pyjon.utils>0.6 in ./.local/lib/python3.6/site-packages (from py3o.template==0.10.0->-r /home/odoo/.requirements.txt (line 7)) (0.7)
2022-04-29T07:45:07,360 Requirement already satisfied: unicodecsv in ./.local/lib/python3.6/site-packages (from cubiscan->-r /home/odoo/.requirements.txt (line 9)) (0.14.1)
2022-04-29T07:45:07,362 Requirement already satisfied: future in ./.local/lib/python3.6/site-packages (from cubiscan->-r /home/odoo/.requirements.txt (line 9)) (0.18.2)
2022-04-29T07:45:07,365 Requirement already satisfied: simplejson in /usr/lib/python3/dist-packages (from linkedin->-r /home/odoo/.requirements.txt (line 11)) (3.13.2)
2022-04-29T07:45:07,366 Requirement already satisfied: oauth2 in ./.local/lib/python3.6/site-packages (from linkedin->-r /home/odoo/.requirements.txt (line 11)) (1.9.0.post1)
2022-04-29T07:45:07,371 Requirement already satisfied: httplib2 in /usr/lib/python3/dist-packages (from linkedin->-r /home/odoo/.requirements.txt (line 11)) (0.9.2)
2022-04-29T07:45:07,372 Requirement already satisfied: beautifulsoup4>=4.7 in ./.local/lib/python3.6/site-packages (from mechanicalsoup->-r /home/odoo/.requirements.txt (line 12)) (4.10.0)
2022-04-29T07:45:07,377 Requirement already satisfied: requests>=2.22.0 in ./.local/lib/python3.6/site-packages (from mechanicalsoup->-r /home/odoo/.requirements.txt (line 12)) (2.26.0)
2022-04-29T07:45:07,398 Requirement already satisfied: html5lib>=0.999999999 in /usr/lib/python3/dist-packages (from mechanize->-r /home/odoo/.requirements.txt (line 13)) (0.999999999)
2022-04-29T07:45:07,407 Requirement already satisfied: pyparsing>=2.0.2 in /usr/lib/python3/dist-packages (from packaging>=16.8->bokeh==1.1.0->-r /home/odoo/.requirements.txt (line 2)) (2.2.0)
2022-04-29T07:45:07,408 Requirement already satisfied: attrs>=17.4.0 in /usr/local/lib/python3.6/dist-packages (from jsonschema->altair->-r /home/odoo/.requirements.txt (line 6)) (19.1.0)
2022-04-29T07:45:07,428 Requirement already satisfied: pyrsistent>=0.14.0 in /usr/local/lib/python3.6/dist-packages (from jsonschema->altair->-r /home/odoo/.requirements.txt (line 6)) (0.14.11)
2022-04-29T07:45:07,431 Requirement already satisfied: soupsieve>1.2 in ./.local/lib/python3.6/site-packages (from beautifulsoup4>=4.7->mechanicalsoup->-r /home/odoo/.requirements.txt (line 12)) (2.2.1)
2022-04-29T07:45:07,435 Requirement already satisfied: charset-normalizer~=2.0.0; python_version >= "3" in ./.local/lib/python3.6/site-packages (from requests>=2.22.0->mechanicalsoup->-r /home/odoo/.requirements.txt (line 12)) (2.0.6)
2022-04-29T07:45:07,439 Requirement already satisfied: urllib3<1.27,>=1.21.1 in /usr/local/lib/python3.6/dist-packages (from requests>=2.22.0->mechanicalsoup->-r /home/odoo/.requirements.txt (line 12)) (1.22)
2022-04-29T07:45:07,455 Requirement already satisfied: idna<4,>=2.5; python_version >= "3" in /usr/lib/python3/dist-packages (from requests>=2.22.0->mechanicalsoup->-r /home/odoo/.requirements.txt (line 12)) (2.6)
2022-04-29T07:45:07,458 Requirement already satisfied: certifi>=2017.4.17 in /usr/local/lib/python3.6/dist-packages (from requests>=2.22.0->mechanicalsoup->-r /home/odoo/.requirements.txt (line 12)) (2019.3.9)
2022-04-29T07:45:07,864 Removed build tracker: '/tmp/pip-req-tracker-l0mzi8pc'

Running command: /usr/local/bin/pip3 install --use-deprecated=legacy-resolver --user --log=/home/odoo/logs/pip.log -r /home/odoo/.requirements.txt
2022-05-06T07:57:24,651 Using pip 21.3.1 from /usr/local/lib/python3.6/dist-packages/pip (python 3.6)
2022-05-06T07:57:24,652 User install by explicit request
2022-05-06T07:57:24,810 Created temporary directory: /tmp/pip-ephem-wheel-cache-52qv4npb
2022-05-06T07:57:24,811 Created temporary directory: /tmp/pip-req-tracker-0b50xcq5
2022-05-06T07:57:24,811 Initialized build tracking at /tmp/pip-req-tracker-0b50xcq5
2022-05-06T07:57:24,811 Created build tracker: /tmp/pip-req-tracker-0b50xcq5
2022-05-06T07:57:24,811 Entered build tracker: /tmp/pip-req-tracker-0b50xcq5
2022-05-06T07:57:24,811 Created temporary directory: /tmp/pip-install-kdygl33e
2022-05-06T07:57:24,834 Requirement already satisfied: cubiscan in ./.local/lib/python3.6/site-packages (from -r /home/odoo/.requirements.txt (line 1)) (0.0.3)
2022-05-06T07:57:24,838 Requirement already satisfied: mock in /usr/lib/python3/dist-packages (from -r /home/odoo/.requirements.txt (line 2)) (2.0.0)
2022-05-06T07:57:24,846 Requirement already satisfied: linkedin in ./.local/lib/python3.6/site-packages (from -r /home/odoo/.requirements.txt (line 3)) (0.1.5)
2022-05-06T07:57:24,851 Requirement already satisfied: mechanicalsoup in ./.local/lib/python3.6/site-packages (from -r /home/odoo/.requirements.txt (line 4)) (1.1.0)
2022-05-06T07:57:24,856 Requirement already satisfied: mechanize in ./.local/lib/python3.6/site-packages (from -r /home/odoo/.requirements.txt (line 5)) (0.4.7)
2022-05-06T07:57:24,861 Requirement already satisfied: pandas in /usr/lib/python3/dist-packages (from -r /home/odoo/.requirements.txt (line 6)) (0.22.0)
2022-05-06T07:57:24,863 Requirement already satisfied: altair in ./.local/lib/python3.6/site-packages (from -r /home/odoo/.requirements.txt (line 7)) (4.1.0)
2022-05-06T07:57:24,880 Requirement already satisfied: py3o.template==0.10.0 in ./.local/lib/python3.6/site-packages (from -r /home/odoo/.requirements.txt (line 8)) (0.10.0)
2022-05-06T07:57:24,889 Requirement already satisfied: py3o.formats==0.3 in ./.local/lib/python3.6/site-packages (from -r /home/odoo/.requirements.txt (line 9)) (0.3)
2022-05-06T07:57:24,892 Requirement already satisfied: python-barcode in ./.local/lib/python3.6/site-packages (from -r /home/odoo/.requirements.txt (line 10)) (0.13.1)
2022-05-06T07:57:24,896 Requirement already satisfied: bokeh==1.1.0 in ./.local/lib/python3.6/site-packages (from -r /home/odoo/.requirements.txt (line 12)) (1.1.0)
2022-05-06T07:57:24,910 Requirement already satisfied: matplotlib>=2.0.0 in /usr/lib/python3/dist-packages (from -r /home/odoo/.requirements.txt (line 14)) (2.1.1)
2022-05-06T07:57:24,911 Requirement already satisfied: mpld3==0.3 in ./.local/lib/python3.6/site-packages (from -r /home/odoo/.requirements.txt (line 15)) (0.3)
2022-05-06T07:57:24,913 Requirement already satisfied: unicodecsv in ./.local/lib/python3.6/site-packages (from cubiscan->-r /home/odoo/.requirements.txt (line 1)) (0.14.1)
2022-05-06T07:57:24,915 Requirement already satisfied: future in ./.local/lib/python3.6/site-packages (from cubiscan->-r /home/odoo/.requirements.txt (line 1)) (0.18.2)
2022-05-06T07:57:24,920 Requirement already satisfied: oauth2 in ./.local/lib/python3.6/site-packages (from linkedin->-r /home/odoo/.requirements.txt (line 3)) (1.9.0.post1)
2022-05-06T07:57:24,923 Requirement already satisfied: simplejson in /usr/lib/python3/dist-packages (from linkedin->-r /home/odoo/.requirements.txt (line 3)) (3.13.2)
2022-05-06T07:57:24,925 Requirement already satisfied: httplib2 in /usr/lib/python3/dist-packages (from linkedin->-r /home/odoo/.requirements.txt (line 3)) (0.9.2)
2022-05-06T07:57:24,926 Requirement already satisfied: requests>=2.22.0 in ./.local/lib/python3.6/site-packages (from mechanicalsoup->-r /home/odoo/.requirements.txt (line 4)) (2.26.0)
2022-05-06T07:57:24,948 Requirement already satisfied: beautifulsoup4>=4.7 in ./.local/lib/python3.6/site-packages (from mechanicalsoup->-r /home/odoo/.requirements.txt (line 4)) (4.10.0)
2022-05-06T07:57:24,954 Requirement already satisfied: lxml in /usr/local/lib/python3.6/dist-packages (from mechanicalsoup->-r /home/odoo/.requirements.txt (line 4)) (4.2.3)
2022-05-06T07:57:24,972 Requirement already satisfied: html5lib>=0.999999999 in /usr/lib/python3/dist-packages (from mechanize->-r /home/odoo/.requirements.txt (line 5)) (0.999999999)
2022-05-06T07:57:24,994 Requirement already satisfied: entrypoints in /usr/local/lib/python3.6/dist-packages (from altair->-r /home/odoo/.requirements.txt (line 7)) (0.3)
2022-05-06T07:57:24,998 Requirement already satisfied: jsonschema in /usr/local/lib/python3.6/dist-packages (from altair->-r /home/odoo/.requirements.txt (line 7)) (3.0.1)
2022-05-06T07:57:25,012 Requirement already satisfied: toolz in ./.local/lib/python3.6/site-packages (from altair->-r /home/odoo/.requirements.txt (line 7)) (0.11.1)
2022-05-06T07:57:25,016 Requirement already satisfied: jinja2 in /usr/lib/python3/dist-packages (from altair->-r /home/odoo/.requirements.txt (line 7)) (2.10)
2022-05-06T07:57:25,019 Requirement already satisfied: numpy in /usr/lib/python3/dist-packages (from altair->-r /home/odoo/.requirements.txt (line 7)) (1.13.3)
2022-05-06T07:57:25,022 Requirement already satisfied: babel in /usr/lib/python3/dist-packages (from py3o.template==0.10.0->-r /home/odoo/.requirements.txt (line 8)) (2.4.0)
2022-05-06T07:57:25,023 Requirement already satisfied: setuptools in /usr/local/lib/python3.6/dist-packages (from py3o.template==0.10.0->-r /home/odoo/.requirements.txt (line 8)) (57.0.0)
2022-05-06T07:57:25,074 Requirement already satisfied: six>=1.9 in /usr/local/lib/python3.6/dist-packages (from py3o.template==0.10.0->-r /home/odoo/.requirements.txt (line 8)) (1.16.0)
2022-05-06T07:57:25,076 Requirement already satisfied: genshi>=0.7 in ./.local/lib/python3.6/site-packages (from py3o.template==0.10.0->-r /home/odoo/.requirements.txt (line 8)) (0.7.5)
2022-05-06T07:57:25,083 Requirement already satisfied: Pillow in /usr/lib/python3/dist-packages (from py3o.template==0.10.0->-r /home/odoo/.requirements.txt (line 8)) (5.1.0)
2022-05-06T07:57:25,084 Requirement already satisfied: pyjon.utils>0.6 in ./.local/lib/python3.6/site-packages (from py3o.template==0.10.0->-r /home/odoo/.requirements.txt (line 8)) (0.7)
2022-05-06T07:57:25,086 Requirement already satisfied: packaging>=16.8 in ./.local/lib/python3.6/site-packages (from bokeh==1.1.0->-r /home/odoo/.requirements.txt (line 12)) (20.4)
2022-05-06T07:57:25,092 Requirement already satisfied: python-dateutil>=2.1 in /usr/lib/python3/dist-packages (from bokeh==1.1.0->-r /home/odoo/.requirements.txt (line 12)) (2.6.1)
2022-05-06T07:57:25,093 Requirement already satisfied: PyYAML>=3.10 in /usr/lib/python3/dist-packages (from bokeh==1.1.0->-r /home/odoo/.requirements.txt (line 12)) (3.12)
2022-05-06T07:57:25,094 Requirement already satisfied: tornado>=4.3 in /usr/local/lib/python3.6/dist-packages (from bokeh==1.1.0->-r /home/odoo/.requirements.txt (line 12)) (6.1)
2022-05-06T07:57:25,102 Requirement already satisfied: idna<4,>=2.5; python_version >= "3" in /usr/lib/python3/dist-packages (from requests>=2.22.0->mechanicalsoup->-r /home/odoo/.requirements.txt (line 4)) (2.6)
2022-05-06T07:57:25,104 Requirement already satisfied: charset-normalizer~=2.0.0; python_version >= "3" in ./.local/lib/python3.6/site-packages (from requests>=2.22.0->mechanicalsoup->-r /home/odoo/.requirements.txt (line 4)) (2.0.6)
2022-05-06T07:57:25,113 Requirement already satisfied: certifi>=2017.4.17 in /usr/local/lib/python3.6/dist-packages (from requests>=2.22.0->mechanicalsoup->-r /home/odoo/.requirements.txt (line 4)) (2019.3.9)
2022-05-06T07:57:25,116 Requirement already satisfied: urllib3<1.27,>=1.21.1 in /usr/local/lib/python3.6/dist-packages (from requests>=2.22.0->mechanicalsoup->-r /home/odoo/.requirements.txt (line 4)) (1.22)
2022-05-06T07:57:25,133 Requirement already satisfied: soupsieve>1.2 in ./.local/lib/python3.6/site-packages (from beautifulsoup4>=4.7->mechanicalsoup->-r /home/odoo/.requirements.txt (line 4)) (2.2.1)
2022-05-06T07:57:25,139 Requirement already satisfied: pyrsistent>=0.14.0 in /usr/local/lib/python3.6/dist-packages (from jsonschema->altair->-r /home/odoo/.requirements.txt (line 7)) (0.14.11)
2022-05-06T07:57:25,145 Requirement already satisfied: attrs>=17.4.0 in /usr/local/lib/python3.6/dist-packages (from jsonschema->altair->-r /home/odoo/.requirements.txt (line 7)) (19.1.0)
2022-05-06T07:57:25,173 Requirement already satisfied: pyparsing>=2.0.2 in /usr/lib/python3/dist-packages (from packaging>=16.8->bokeh==1.1.0->-r /home/odoo/.requirements.txt (line 12)) (2.2.0)
2022-05-06T07:57:25,861 Removed build tracker: '/tmp/pip-req-tracker-0b50xcq5'

Running command: /usr/local/bin/pip3 install --use-deprecated=legacy-resolver --user --log=/home/odoo/logs/pip.log -r /home/odoo/.requirements.txt
2022-05-06T13:08:45,576 Using pip 21.3.1 from /usr/local/lib/python3.6/dist-packages/pip (python 3.6)
2022-05-06T13:08:45,577 User install by explicit request
2022-05-06T13:08:45,689 Created temporary directory: /tmp/pip-ephem-wheel-cache-j0ky6shh
2022-05-06T13:08:45,689 Created temporary directory: /tmp/pip-req-tracker-8u3mllhn
2022-05-06T13:08:45,690 Initialized build tracking at /tmp/pip-req-tracker-8u3mllhn
2022-05-06T13:08:45,690 Created build tracker: /tmp/pip-req-tracker-8u3mllhn
2022-05-06T13:08:45,690 Entered build tracker: /tmp/pip-req-tracker-8u3mllhn
2022-05-06T13:08:45,690 Created temporary directory: /tmp/pip-install-jdlpjsol
2022-05-06T13:08:45,708 Requirement already satisfied: cubiscan in ./.local/lib/python3.6/site-packages (from -r /home/odoo/.requirements.txt (line 1)) (0.0.3)
2022-05-06T13:08:45,712 Requirement already satisfied: mock in /usr/lib/python3/dist-packages (from -r /home/odoo/.requirements.txt (line 2)) (2.0.0)
2022-05-06T13:08:45,717 Requirement already satisfied: linkedin in ./.local/lib/python3.6/site-packages (from -r /home/odoo/.requirements.txt (line 3)) (0.1.5)
2022-05-06T13:08:45,721 Requirement already satisfied: mechanicalsoup in ./.local/lib/python3.6/site-packages (from -r /home/odoo/.requirements.txt (line 4)) (1.1.0)
2022-05-06T13:08:45,724 Requirement already satisfied: mechanize in ./.local/lib/python3.6/site-packages (from -r /home/odoo/.requirements.txt (line 5)) (0.4.7)
2022-05-06T13:08:45,728 Requirement already satisfied: pandas in /usr/lib/python3/dist-packages (from -r /home/odoo/.requirements.txt (line 6)) (0.22.0)
2022-05-06T13:08:45,729 Requirement already satisfied: altair in ./.local/lib/python3.6/site-packages (from -r /home/odoo/.requirements.txt (line 7)) (4.1.0)
2022-05-06T13:08:45,741 Requirement already satisfied: py3o.template==0.10.0 in ./.local/lib/python3.6/site-packages (from -r /home/odoo/.requirements.txt (line 8)) (0.10.0)
2022-05-06T13:08:45,749 Requirement already satisfied: py3o.formats==0.3 in ./.local/lib/python3.6/site-packages (from -r /home/odoo/.requirements.txt (line 9)) (0.3)
2022-05-06T13:08:45,751 Requirement already satisfied: python-barcode in ./.local/lib/python3.6/site-packages (from -r /home/odoo/.requirements.txt (line 10)) (0.13.1)
2022-05-06T13:08:45,757 Requirement already satisfied: bokeh==1.1.0 in ./.local/lib/python3.6/site-packages (from -r /home/odoo/.requirements.txt (line 12)) (1.1.0)
2022-05-06T13:08:45,768 Requirement already satisfied: matplotlib>=2.0.0 in /usr/lib/python3/dist-packages (from -r /home/odoo/.requirements.txt (line 14)) (2.1.1)
2022-05-06T13:08:45,769 Requirement already satisfied: mpld3==0.3 in ./.local/lib/python3.6/site-packages (from -r /home/odoo/.requirements.txt (line 15)) (0.3)
2022-05-06T13:08:45,771 Requirement already satisfied: future in ./.local/lib/python3.6/site-packages (from cubiscan->-r /home/odoo/.requirements.txt (line 1)) (0.18.2)
2022-05-06T13:08:45,773 Requirement already satisfied: unicodecsv in ./.local/lib/python3.6/site-packages (from cubiscan->-r /home/odoo/.requirements.txt (line 1)) (0.14.1)
2022-05-06T13:08:45,775 Requirement already satisfied: simplejson in /usr/lib/python3/dist-packages (from linkedin->-r /home/odoo/.requirements.txt (line 3)) (3.13.2)
2022-05-06T13:08:45,778 Requirement already satisfied: httplib2 in /usr/lib/python3/dist-packages (from linkedin->-r /home/odoo/.requirements.txt (line 3)) (0.9.2)
2022-05-06T13:08:45,779 Requirement already satisfied: oauth2 in ./.local/lib/python3.6/site-packages (from linkedin->-r /home/odoo/.requirements.txt (line 3)) (1.9.0.post1)
2022-05-06T13:08:45,781 Requirement already satisfied: beautifulsoup4>=4.7 in ./.local/lib/python3.6/site-packages (from mechanicalsoup->-r /home/odoo/.requirements.txt (line 4)) (4.10.0)
2022-05-06T13:08:45,786 Requirement already satisfied: requests>=2.22.0 in ./.local/lib/python3.6/site-packages (from mechanicalsoup->-r /home/odoo/.requirements.txt (line 4)) (2.26.0)
2022-05-06T13:08:45,805 Requirement already satisfied: lxml in /usr/local/lib/python3.6/dist-packages (from mechanicalsoup->-r /home/odoo/.requirements.txt (line 4)) (4.2.3)
2022-05-06T13:08:45,813 Requirement already satisfied: html5lib>=0.999999999 in /usr/lib/python3/dist-packages (from mechanize->-r /home/odoo/.requirements.txt (line 5)) (0.999999999)
2022-05-06T13:08:45,821 Requirement already satisfied: jinja2 in /usr/lib/python3/dist-packages (from altair->-r /home/odoo/.requirements.txt (line 7)) (2.10)
2022-05-06T13:08:45,823 Requirement already satisfied: toolz in ./.local/lib/python3.6/site-packages (from altair->-r /home/odoo/.requirements.txt (line 7)) (0.11.1)
2022-05-06T13:08:45,826 Requirement already satisfied: numpy in /usr/lib/python3/dist-packages (from altair->-r /home/odoo/.requirements.txt (line 7)) (1.13.3)
2022-05-06T13:08:45,828 Requirement already satisfied: jsonschema in /usr/local/lib/python3.6/dist-packages (from altair->-r /home/odoo/.requirements.txt (line 7)) (3.0.1)
2022-05-06T13:08:45,841 Requirement already satisfied: entrypoints in /usr/local/lib/python3.6/dist-packages (from altair->-r /home/odoo/.requirements.txt (line 7)) (0.3)
2022-05-06T13:08:45,844 Requirement already satisfied: genshi>=0.7 in ./.local/lib/python3.6/site-packages (from py3o.template==0.10.0->-r /home/odoo/.requirements.txt (line 8)) (0.7.5)
2022-05-06T13:08:45,855 Requirement already satisfied: babel in /usr/lib/python3/dist-packages (from py3o.template==0.10.0->-r /home/odoo/.requirements.txt (line 8)) (2.4.0)
2022-05-06T13:08:45,857 Requirement already satisfied: Pillow in /usr/lib/python3/dist-packages (from py3o.template==0.10.0->-r /home/odoo/.requirements.txt (line 8)) (5.1.0)
2022-05-06T13:08:45,858 Requirement already satisfied: setuptools in /usr/local/lib/python3.6/dist-packages (from py3o.template==0.10.0->-r /home/odoo/.requirements.txt (line 8)) (57.0.0)
2022-05-06T13:08:45,898 Requirement already satisfied: pyjon.utils>0.6 in ./.local/lib/python3.6/site-packages (from py3o.template==0.10.0->-r /home/odoo/.requirements.txt (line 8)) (0.7)
2022-05-06T13:08:45,900 Requirement already satisfied: six>=1.9 in /usr/local/lib/python3.6/dist-packages (from py3o.template==0.10.0->-r /home/odoo/.requirements.txt (line 8)) (1.16.0)
2022-05-06T13:08:45,902 Requirement already satisfied: packaging>=16.8 in ./.local/lib/python3.6/site-packages (from bokeh==1.1.0->-r /home/odoo/.requirements.txt (line 12)) (20.4)
2022-05-06T13:08:45,908 Requirement already satisfied: python-dateutil>=2.1 in /usr/lib/python3/dist-packages (from bokeh==1.1.0->-r /home/odoo/.requirements.txt (line 12)) (2.6.1)
2022-05-06T13:08:45,910 Requirement already satisfied: PyYAML>=3.10 in /usr/lib/python3/dist-packages (from bokeh==1.1.0->-r /home/odoo/.requirements.txt (line 12)) (3.12)
2022-05-06T13:08:45,911 Requirement already satisfied: tornado>=4.3 in /usr/local/lib/python3.6/dist-packages (from bokeh==1.1.0->-r /home/odoo/.requirements.txt (line 12)) (6.1)
2022-05-06T13:08:45,913 Requirement already satisfied: soupsieve>1.2 in ./.local/lib/python3.6/site-packages (from beautifulsoup4>=4.7->mechanicalsoup->-r /home/odoo/.requirements.txt (line 4)) (2.2.1)
2022-05-06T13:08:45,917 Requirement already satisfied: urllib3<1.27,>=1.21.1 in /usr/local/lib/python3.6/dist-packages (from requests>=2.22.0->mechanicalsoup->-r /home/odoo/.requirements.txt (line 4)) (1.22)
2022-05-06T13:08:45,933 Requirement already satisfied: idna<4,>=2.5; python_version >= "3" in /usr/lib/python3/dist-packages (from requests>=2.22.0->mechanicalsoup->-r /home/odoo/.requirements.txt (line 4)) (2.6)
2022-05-06T13:08:45,934 Requirement already satisfied: certifi>=2017.4.17 in /usr/local/lib/python3.6/dist-packages (from requests>=2.22.0->mechanicalsoup->-r /home/odoo/.requirements.txt (line 4)) (2019.3.9)
2022-05-06T13:08:45,936 Requirement already satisfied: charset-normalizer~=2.0.0; python_version >= "3" in ./.local/lib/python3.6/site-packages (from requests>=2.22.0->mechanicalsoup->-r /home/odoo/.requirements.txt (line 4)) (2.0.6)
2022-05-06T13:08:45,940 Requirement already satisfied: attrs>=17.4.0 in /usr/local/lib/python3.6/dist-packages (from jsonschema->altair->-r /home/odoo/.requirements.txt (line 7)) (19.1.0)
2022-05-06T13:08:45,956 Requirement already satisfied: pyrsistent>=0.14.0 in /usr/local/lib/python3.6/dist-packages (from jsonschema->altair->-r /home/odoo/.requirements.txt (line 7)) (0.14.11)
2022-05-06T13:08:45,962 Requirement already satisfied: pyparsing>=2.0.2 in /usr/lib/python3/dist-packages (from packaging>=16.8->bokeh==1.1.0->-r /home/odoo/.requirements.txt (line 12)) (2.2.0)
2022-05-06T13:08:46,476 Removed build tracker: '/tmp/pip-req-tracker-8u3mllhn'

Running command: /usr/local/bin/pip3 install --use-deprecated=legacy-resolver --user --log=/home/odoo/logs/pip.log -r /home/odoo/.requirements.txt
2022-05-09T13:42:25,929 Using pip 21.3.1 from /usr/local/lib/python3.6/dist-packages/pip (python 3.6)
2022-05-09T13:42:25,930 User install by explicit request
2022-05-09T13:42:26,079 Created temporary directory: /tmp/pip-ephem-wheel-cache-g9321jhc
2022-05-09T13:42:26,080 Created temporary directory: /tmp/pip-req-tracker-azk156dc
2022-05-09T13:42:26,080 Initialized build tracking at /tmp/pip-req-tracker-azk156dc
2022-05-09T13:42:26,080 Created build tracker: /tmp/pip-req-tracker-azk156dc
2022-05-09T13:42:26,080 Entered build tracker: /tmp/pip-req-tracker-azk156dc
2022-05-09T13:42:26,080 Created temporary directory: /tmp/pip-install-_zdol10n
2022-05-09T13:42:26,098 Requirement already satisfied: python-barcode in ./.local/lib/python3.6/site-packages (from -r /home/odoo/.requirements.txt (line 1)) (0.13.1)
2022-05-09T13:42:26,102 Requirement already satisfied: altair in ./.local/lib/python3.6/site-packages (from -r /home/odoo/.requirements.txt (line 2)) (4.1.0)
2022-05-09T13:42:26,119 Requirement already satisfied: py3o.template==0.10.0 in ./.local/lib/python3.6/site-packages (from -r /home/odoo/.requirements.txt (line 3)) (0.10.0)
2022-05-09T13:42:26,130 Requirement already satisfied: py3o.formats==0.3 in ./.local/lib/python3.6/site-packages (from -r /home/odoo/.requirements.txt (line 4)) (0.3)
2022-05-09T13:42:26,145 Requirement already satisfied: cubiscan in ./.local/lib/python3.6/site-packages (from -r /home/odoo/.requirements.txt (line 5)) (0.0.3)
2022-05-09T13:42:26,154 Requirement already satisfied: mock in /usr/lib/python3/dist-packages (from -r /home/odoo/.requirements.txt (line 6)) (2.0.0)
2022-05-09T13:42:26,167 Requirement already satisfied: bokeh==1.1.0 in ./.local/lib/python3.6/site-packages (from -r /home/odoo/.requirements.txt (line 8)) (1.1.0)
2022-05-09T13:42:26,231 Requirement already satisfied: matplotlib>=2.0.0 in /usr/lib/python3/dist-packages (from -r /home/odoo/.requirements.txt (line 10)) (2.1.1)
2022-05-09T13:42:26,252 Requirement already satisfied: mpld3==0.3 in ./.local/lib/python3.6/site-packages (from -r /home/odoo/.requirements.txt (line 11)) (0.3)
2022-05-09T13:42:26,273 Requirement already satisfied: linkedin in ./.local/lib/python3.6/site-packages (from -r /home/odoo/.requirements.txt (line 12)) (0.1.5)
2022-05-09T13:42:26,329 Requirement already satisfied: mechanicalsoup in ./.local/lib/python3.6/site-packages (from -r /home/odoo/.requirements.txt (line 13)) (1.1.0)
2022-05-09T13:42:26,369 Requirement already satisfied: mechanize in ./.local/lib/python3.6/site-packages (from -r /home/odoo/.requirements.txt (line 14)) (0.4.7)
2022-05-09T13:42:26,419 Requirement already satisfied: pandas in /usr/lib/python3/dist-packages (from -r /home/odoo/.requirements.txt (line 15)) (0.22.0)
2022-05-09T13:42:26,423 Requirement already satisfied: toolz in ./.local/lib/python3.6/site-packages (from altair->-r /home/odoo/.requirements.txt (line 2)) (0.11.1)
2022-05-09T13:42:26,454 Requirement already satisfied: entrypoints in /usr/local/lib/python3.6/dist-packages (from altair->-r /home/odoo/.requirements.txt (line 2)) (0.3)
2022-05-09T13:42:26,486 Requirement already satisfied: numpy in /usr/lib/python3/dist-packages (from altair->-r /home/odoo/.requirements.txt (line 2)) (1.13.3)
2022-05-09T13:42:26,488 Requirement already satisfied: jsonschema in /usr/local/lib/python3.6/dist-packages (from altair->-r /home/odoo/.requirements.txt (line 2)) (3.0.1)
2022-05-09T13:42:26,658 Requirement already satisfied: jinja2 in /usr/lib/python3/dist-packages (from altair->-r /home/odoo/.requirements.txt (line 2)) (2.10)
2022-05-09T13:42:26,665 Requirement already satisfied: genshi>=0.7 in ./.local/lib/python3.6/site-packages (from py3o.template==0.10.0->-r /home/odoo/.requirements.txt (line 3)) (0.7.5)
2022-05-09T13:42:26,697 Requirement already satisfied: lxml in /usr/local/lib/python3.6/dist-packages (from py3o.template==0.10.0->-r /home/odoo/.requirements.txt (line 3)) (4.2.3)
2022-05-09T13:42:26,726 Requirement already satisfied: babel in /usr/lib/python3/dist-packages (from py3o.template==0.10.0->-r /home/odoo/.requirements.txt (line 3)) (2.4.0)
2022-05-09T13:42:26,727 Requirement already satisfied: pyjon.utils>0.6 in ./.local/lib/python3.6/site-packages (from py3o.template==0.10.0->-r /home/odoo/.requirements.txt (line 3)) (0.7)
2022-05-09T13:42:26,762 Requirement already satisfied: Pillow in /usr/lib/python3/dist-packages (from py3o.template==0.10.0->-r /home/odoo/.requirements.txt (line 3)) (5.1.0)
2022-05-09T13:42:26,772 Requirement already satisfied: setuptools in /usr/local/lib/python3.6/dist-packages (from py3o.template==0.10.0->-r /home/odoo/.requirements.txt (line 3)) (57.0.0)
2022-05-09T13:42:26,860 Requirement already satisfied: six>=1.9 in /usr/local/lib/python3.6/dist-packages (from py3o.template==0.10.0->-r /home/odoo/.requirements.txt (line 3)) (1.16.0)
2022-05-09T13:42:26,861 Requirement already satisfied: unicodecsv in ./.local/lib/python3.6/site-packages (from cubiscan->-r /home/odoo/.requirements.txt (line 5)) (0.14.1)
2022-05-09T13:42:26,890 Requirement already satisfied: future in ./.local/lib/python3.6/site-packages (from cubiscan->-r /home/odoo/.requirements.txt (line 5)) (0.18.2)
2022-05-09T13:42:26,913 Requirement already satisfied: packaging>=16.8 in ./.local/lib/python3.6/site-packages (from bokeh==1.1.0->-r /home/odoo/.requirements.txt (line 8)) (20.4)
2022-05-09T13:42:26,937 Requirement already satisfied: python-dateutil>=2.1 in /usr/lib/python3/dist-packages (from bokeh==1.1.0->-r /home/odoo/.requirements.txt (line 8)) (2.6.1)
2022-05-09T13:42:26,938 Requirement already satisfied: tornado>=4.3 in /usr/local/lib/python3.6/dist-packages (from bokeh==1.1.0->-r /home/odoo/.requirements.txt (line 8)) (6.1)
2022-05-09T13:42:26,943 Requirement already satisfied: PyYAML>=3.10 in /usr/lib/python3/dist-packages (from bokeh==1.1.0->-r /home/odoo/.requirements.txt (line 8)) (3.12)
2022-05-09T13:42:26,971 Requirement already satisfied: httplib2 in /usr/lib/python3/dist-packages (from linkedin->-r /home/odoo/.requirements.txt (line 12)) (0.9.2)
2022-05-09T13:42:26,973 Requirement already satisfied: simplejson in /usr/lib/python3/dist-packages (from linkedin->-r /home/odoo/.requirements.txt (line 12)) (3.13.2)
2022-05-09T13:42:26,974 Requirement already satisfied: oauth2 in ./.local/lib/python3.6/site-packages (from linkedin->-r /home/odoo/.requirements.txt (line 12)) (1.9.0.post1)
2022-05-09T13:42:26,982 Requirement already satisfied: beautifulsoup4>=4.7 in ./.local/lib/python3.6/site-packages (from mechanicalsoup->-r /home/odoo/.requirements.txt (line 13)) (4.10.0)
2022-05-09T13:42:26,999 Requirement already satisfied: requests>=2.22.0 in ./.local/lib/python3.6/site-packages (from mechanicalsoup->-r /home/odoo/.requirements.txt (line 13)) (2.26.0)
2022-05-09T13:42:27,029 Requirement already satisfied: html5lib>=0.999999999 in /usr/lib/python3/dist-packages (from mechanize->-r /home/odoo/.requirements.txt (line 14)) (0.999999999)
2022-05-09T13:42:27,037 Requirement already satisfied: pyrsistent>=0.14.0 in /usr/local/lib/python3.6/dist-packages (from jsonschema->altair->-r /home/odoo/.requirements.txt (line 2)) (0.14.11)
2022-05-09T13:42:27,042 Requirement already satisfied: attrs>=17.4.0 in /usr/local/lib/python3.6/dist-packages (from jsonschema->altair->-r /home/odoo/.requirements.txt (line 2)) (19.1.0)
2022-05-09T13:42:27,064 Requirement already satisfied: pyparsing>=2.0.2 in /usr/lib/python3/dist-packages (from packaging>=16.8->bokeh==1.1.0->-r /home/odoo/.requirements.txt (line 8)) (2.2.0)
2022-05-09T13:42:27,066 Requirement already satisfied: soupsieve>1.2 in ./.local/lib/python3.6/site-packages (from beautifulsoup4>=4.7->mechanicalsoup->-r /home/odoo/.requirements.txt (line 13)) (2.2.1)
2022-05-09T13:42:27,080 Requirement already satisfied: certifi>=2017.4.17 in /usr/local/lib/python3.6/dist-packages (from requests>=2.22.0->mechanicalsoup->-r /home/odoo/.requirements.txt (line 13)) (2019.3.9)
2022-05-09T13:42:27,082 Requirement already satisfied: urllib3<1.27,>=1.21.1 in /usr/local/lib/python3.6/dist-packages (from requests>=2.22.0->mechanicalsoup->-r /home/odoo/.requirements.txt (line 13)) (1.22)
2022-05-09T13:42:27,099 Requirement already satisfied: charset-normalizer~=2.0.0; python_version >= "3" in ./.local/lib/python3.6/site-packages (from requests>=2.22.0->mechanicalsoup->-r /home/odoo/.requirements.txt (line 13)) (2.0.6)
2022-05-09T13:42:27,104 Requirement already satisfied: idna<4,>=2.5; python_version >= "3" in /usr/lib/python3/dist-packages (from requests>=2.22.0->mechanicalsoup->-r /home/odoo/.requirements.txt (line 13)) (2.6)
2022-05-09T13:42:28,772 Removed build tracker: '/tmp/pip-req-tracker-azk156dc'

Running command: /usr/local/bin/pip3 install --use-deprecated=legacy-resolver --user --log=/home/odoo/logs/pip.log -r /home/odoo/.requirements.txt
2022-05-11T11:46:28,393 Using pip 21.3.1 from /usr/local/lib/python3.6/dist-packages/pip (python 3.6)
2022-05-11T11:46:28,393 User install by explicit request
2022-05-11T11:46:28,506 Created temporary directory: /tmp/pip-ephem-wheel-cache-zrht2dkf
2022-05-11T11:46:28,506 Created temporary directory: /tmp/pip-req-tracker-076agfba
2022-05-11T11:46:28,507 Initialized build tracking at /tmp/pip-req-tracker-076agfba
2022-05-11T11:46:28,507 Created build tracker: /tmp/pip-req-tracker-076agfba
2022-05-11T11:46:28,507 Entered build tracker: /tmp/pip-req-tracker-076agfba
2022-05-11T11:46:28,507 Created temporary directory: /tmp/pip-install-267xo5od
2022-05-11T11:46:28,520 Requirement already satisfied: python-barcode in ./.local/lib/python3.6/site-packages (from -r /home/odoo/.requirements.txt (line 1)) (0.13.1)
2022-05-11T11:46:28,523 Requirement already satisfied: altair in ./.local/lib/python3.6/site-packages (from -r /home/odoo/.requirements.txt (line 2)) (4.1.0)
2022-05-11T11:46:28,536 Requirement already satisfied: py3o.template==0.10.0 in ./.local/lib/python3.6/site-packages (from -r /home/odoo/.requirements.txt (line 3)) (0.10.0)
2022-05-11T11:46:28,544 Requirement already satisfied: py3o.formats==0.3 in ./.local/lib/python3.6/site-packages (from -r /home/odoo/.requirements.txt (line 4)) (0.3)
2022-05-11T11:46:28,546 Requirement already satisfied: cubiscan in ./.local/lib/python3.6/site-packages (from -r /home/odoo/.requirements.txt (line 5)) (0.0.3)
2022-05-11T11:46:28,550 Requirement already satisfied: mock in /usr/lib/python3/dist-packages (from -r /home/odoo/.requirements.txt (line 6)) (2.0.0)
2022-05-11T11:46:28,557 Requirement already satisfied: bokeh==1.1.0 in ./.local/lib/python3.6/site-packages (from -r /home/odoo/.requirements.txt (line 8)) (1.1.0)
2022-05-11T11:46:28,567 Requirement already satisfied: matplotlib>=2.0.0 in /usr/lib/python3/dist-packages (from -r /home/odoo/.requirements.txt (line 10)) (2.1.1)
2022-05-11T11:46:28,568 Requirement already satisfied: mpld3==0.3 in ./.local/lib/python3.6/site-packages (from -r /home/odoo/.requirements.txt (line 11)) (0.3)
2022-05-11T11:46:28,569 Requirement already satisfied: linkedin in ./.local/lib/python3.6/site-packages (from -r /home/odoo/.requirements.txt (line 12)) (0.1.5)
2022-05-11T11:46:28,573 Requirement already satisfied: mechanicalsoup in ./.local/lib/python3.6/site-packages (from -r /home/odoo/.requirements.txt (line 13)) (1.1.0)
2022-05-11T11:46:28,576 Requirement already satisfied: mechanize in ./.local/lib/python3.6/site-packages (from -r /home/odoo/.requirements.txt (line 14)) (0.4.7)
2022-05-11T11:46:28,579 Requirement already satisfied: pandas in /usr/lib/python3/dist-packages (from -r /home/odoo/.requirements.txt (line 15)) (0.22.0)
2022-05-11T11:46:28,581 Requirement already satisfied: jsonschema in /usr/local/lib/python3.6/dist-packages (from altair->-r /home/odoo/.requirements.txt (line 2)) (3.0.1)
2022-05-11T11:46:28,591 Requirement already satisfied: toolz in ./.local/lib/python3.6/site-packages (from altair->-r /home/odoo/.requirements.txt (line 2)) (0.11.1)
2022-05-11T11:46:28,593 Requirement already satisfied: entrypoints in /usr/local/lib/python3.6/dist-packages (from altair->-r /home/odoo/.requirements.txt (line 2)) (0.3)
2022-05-11T11:46:28,596 Requirement already satisfied: numpy in /usr/lib/python3/dist-packages (from altair->-r /home/odoo/.requirements.txt (line 2)) (1.13.3)
2022-05-11T11:46:28,598 Requirement already satisfied: jinja2 in /usr/lib/python3/dist-packages (from altair->-r /home/odoo/.requirements.txt (line 2)) (2.10)
2022-05-11T11:46:28,599 Requirement already satisfied: setuptools in /usr/local/lib/python3.6/dist-packages (from py3o.template==0.10.0->-r /home/odoo/.requirements.txt (line 3)) (57.0.0)
2022-05-11T11:46:28,626 Requirement already satisfied: six>=1.9 in /usr/local/lib/python3.6/dist-packages (from py3o.template==0.10.0->-r /home/odoo/.requirements.txt (line 3)) (1.16.0)
2022-05-11T11:46:28,628 Requirement already satisfied: Pillow in /usr/lib/python3/dist-packages (from py3o.template==0.10.0->-r /home/odoo/.requirements.txt (line 3)) (5.1.0)
2022-05-11T11:46:28,630 Requirement already satisfied: babel in /usr/lib/python3/dist-packages (from py3o.template==0.10.0->-r /home/odoo/.requirements.txt (line 3)) (2.4.0)
2022-05-11T11:46:28,631 Requirement already satisfied: genshi>=0.7 in ./.local/lib/python3.6/site-packages (from py3o.template==0.10.0->-r /home/odoo/.requirements.txt (line 3)) (0.7.5)
2022-05-11T11:46:28,634 Requirement already satisfied: lxml in /usr/local/lib/python3.6/dist-packages (from py3o.template==0.10.0->-r /home/odoo/.requirements.txt (line 3)) (4.2.3)
2022-05-11T11:46:28,639 Requirement already satisfied: pyjon.utils>0.6 in ./.local/lib/python3.6/site-packages (from py3o.template==0.10.0->-r /home/odoo/.requirements.txt (line 3)) (0.7)
2022-05-11T11:46:28,641 Requirement already satisfied: future in ./.local/lib/python3.6/site-packages (from cubiscan->-r /home/odoo/.requirements.txt (line 5)) (0.18.2)
2022-05-11T11:46:28,642 Requirement already satisfied: unicodecsv in ./.local/lib/python3.6/site-packages (from cubiscan->-r /home/odoo/.requirements.txt (line 5)) (0.14.1)
2022-05-11T11:46:28,643 Requirement already satisfied: packaging>=16.8 in ./.local/lib/python3.6/site-packages (from bokeh==1.1.0->-r /home/odoo/.requirements.txt (line 8)) (20.4)
2022-05-11T11:46:28,647 Requirement already satisfied: python-dateutil>=2.1 in /usr/lib/python3/dist-packages (from bokeh==1.1.0->-r /home/odoo/.requirements.txt (line 8)) (2.6.1)
2022-05-11T11:46:28,648 Requirement already satisfied: PyYAML>=3.10 in /usr/lib/python3/dist-packages (from bokeh==1.1.0->-r /home/odoo/.requirements.txt (line 8)) (3.12)
2022-05-11T11:46:28,648 Requirement already satisfied: tornado>=4.3 in /usr/local/lib/python3.6/dist-packages (from bokeh==1.1.0->-r /home/odoo/.requirements.txt (line 8)) (6.1)
2022-05-11T11:46:28,651 Requirement already satisfied: simplejson in /usr/lib/python3/dist-packages (from linkedin->-r /home/odoo/.requirements.txt (line 12)) (3.13.2)
2022-05-11T11:46:28,651 Requirement already satisfied: oauth2 in ./.local/lib/python3.6/site-packages (from linkedin->-r /home/odoo/.requirements.txt (line 12)) (1.9.0.post1)
2022-05-11T11:46:28,653 Requirement already satisfied: httplib2 in /usr/lib/python3/dist-packages (from linkedin->-r /home/odoo/.requirements.txt (line 12)) (0.9.2)
2022-05-11T11:46:28,654 Requirement already satisfied: beautifulsoup4>=4.7 in ./.local/lib/python3.6/site-packages (from mechanicalsoup->-r /home/odoo/.requirements.txt (line 13)) (4.10.0)
2022-05-11T11:46:28,657 Requirement already satisfied: requests>=2.22.0 in ./.local/lib/python3.6/site-packages (from mechanicalsoup->-r /home/odoo/.requirements.txt (line 13)) (2.26.0)
2022-05-11T11:46:28,670 Requirement already satisfied: html5lib>=0.999999999 in /usr/lib/python3/dist-packages (from mechanize->-r /home/odoo/.requirements.txt (line 14)) (0.999999999)
2022-05-11T11:46:28,676 Requirement already satisfied: pyrsistent>=0.14.0 in /usr/local/lib/python3.6/dist-packages (from jsonschema->altair->-r /home/odoo/.requirements.txt (line 2)) (0.14.11)
2022-05-11T11:46:28,680 Requirement already satisfied: attrs>=17.4.0 in /usr/local/lib/python3.6/dist-packages (from jsonschema->altair->-r /home/odoo/.requirements.txt (line 2)) (19.1.0)
2022-05-11T11:46:28,692 Requirement already satisfied: pyparsing>=2.0.2 in /usr/lib/python3/dist-packages (from packaging>=16.8->bokeh==1.1.0->-r /home/odoo/.requirements.txt (line 8)) (2.2.0)
2022-05-11T11:46:28,693 Requirement already satisfied: soupsieve>1.2 in ./.local/lib/python3.6/site-packages (from beautifulsoup4>=4.7->mechanicalsoup->-r /home/odoo/.requirements.txt (line 13)) (2.2.1)
2022-05-11T11:46:28,696 Requirement already satisfied: urllib3<1.27,>=1.21.1 in /usr/local/lib/python3.6/dist-packages (from requests>=2.22.0->mechanicalsoup->-r /home/odoo/.requirements.txt (line 13)) (1.22)
2022-05-11T11:46:28,709 Requirement already satisfied: certifi>=2017.4.17 in /usr/local/lib/python3.6/dist-packages (from requests>=2.22.0->mechanicalsoup->-r /home/odoo/.requirements.txt (line 13)) (2019.3.9)
2022-05-11T11:46:28,711 Requirement already satisfied: idna<4,>=2.5; python_version >= "3" in /usr/lib/python3/dist-packages (from requests>=2.22.0->mechanicalsoup->-r /home/odoo/.requirements.txt (line 13)) (2.6)
2022-05-11T11:46:28,712 Requirement already satisfied: charset-normalizer~=2.0.0; python_version >= "3" in ./.local/lib/python3.6/site-packages (from requests>=2.22.0->mechanicalsoup->-r /home/odoo/.requirements.txt (line 13)) (2.0.6)
2022-05-11T11:46:29,114 Removed build tracker: '/tmp/pip-req-tracker-076agfba'

Running command: /usr/local/bin/pip3 install --use-deprecated=legacy-resolver --user --log=/home/odoo/logs/pip.log -r /home/odoo/.requirements.txt
2022-05-12T06:54:36,339 Using pip 21.3.1 from /usr/local/lib/python3.6/dist-packages/pip (python 3.6)
2022-05-12T06:54:36,339 User install by explicit request
2022-05-12T06:54:36,436 Created temporary directory: /tmp/pip-ephem-wheel-cache-dr4ry0ak
2022-05-12T06:54:36,437 Created temporary directory: /tmp/pip-req-tracker-3poqw61e
2022-05-12T06:54:36,437 Initialized build tracking at /tmp/pip-req-tracker-3poqw61e
2022-05-12T06:54:36,437 Created build tracker: /tmp/pip-req-tracker-3poqw61e
2022-05-12T06:54:36,437 Entered build tracker: /tmp/pip-req-tracker-3poqw61e
2022-05-12T06:54:36,437 Created temporary directory: /tmp/pip-install-_o9wxfe5
2022-05-12T06:54:36,451 Requirement already satisfied: python-barcode in ./.local/lib/python3.6/site-packages (from -r /home/odoo/.requirements.txt (line 1)) (0.13.1)
2022-05-12T06:54:36,454 Requirement already satisfied: altair in ./.local/lib/python3.6/site-packages (from -r /home/odoo/.requirements.txt (line 2)) (4.1.0)
2022-05-12T06:54:36,464 Requirement already satisfied: py3o.template==0.10.0 in ./.local/lib/python3.6/site-packages (from -r /home/odoo/.requirements.txt (line 3)) (0.10.0)
2022-05-12T06:54:36,470 Requirement already satisfied: py3o.formats==0.3 in ./.local/lib/python3.6/site-packages (from -r /home/odoo/.requirements.txt (line 4)) (0.3)
2022-05-12T06:54:36,472 Requirement already satisfied: cubiscan in ./.local/lib/python3.6/site-packages (from -r /home/odoo/.requirements.txt (line 5)) (0.0.3)
2022-05-12T06:54:36,474 Requirement already satisfied: mock in /usr/lib/python3/dist-packages (from -r /home/odoo/.requirements.txt (line 6)) (2.0.0)
2022-05-12T06:54:36,479 Requirement already satisfied: bokeh==1.1.0 in ./.local/lib/python3.6/site-packages (from -r /home/odoo/.requirements.txt (line 8)) (1.1.0)
2022-05-12T06:54:36,487 Requirement already satisfied: matplotlib>=2.0.0 in /usr/lib/python3/dist-packages (from -r /home/odoo/.requirements.txt (line 10)) (2.1.1)
2022-05-12T06:54:36,487 Requirement already satisfied: mpld3==0.3 in ./.local/lib/python3.6/site-packages (from -r /home/odoo/.requirements.txt (line 11)) (0.3)
2022-05-12T06:54:36,489 Requirement already satisfied: linkedin in ./.local/lib/python3.6/site-packages (from -r /home/odoo/.requirements.txt (line 12)) (0.1.5)
2022-05-12T06:54:36,491 Requirement already satisfied: mechanicalsoup in ./.local/lib/python3.6/site-packages (from -r /home/odoo/.requirements.txt (line 13)) (1.1.0)
2022-05-12T06:54:36,494 Requirement already satisfied: mechanize in ./.local/lib/python3.6/site-packages (from -r /home/odoo/.requirements.txt (line 14)) (0.4.7)
2022-05-12T06:54:36,497 Requirement already satisfied: pandas in /usr/lib/python3/dist-packages (from -r /home/odoo/.requirements.txt (line 15)) (0.22.0)
2022-05-12T06:54:36,499 Requirement already satisfied: jinja2 in /usr/lib/python3/dist-packages (from altair->-r /home/odoo/.requirements.txt (line 2)) (2.10)
2022-05-12T06:54:36,501 Requirement already satisfied: numpy in /usr/lib/python3/dist-packages (from altair->-r /home/odoo/.requirements.txt (line 2)) (1.13.3)
2022-05-12T06:54:36,501 Requirement already satisfied: toolz in ./.local/lib/python3.6/site-packages (from altair->-r /home/odoo/.requirements.txt (line 2)) (0.11.1)
2022-05-12T06:54:36,503 Requirement already satisfied: entrypoints in /usr/local/lib/python3.6/dist-packages (from altair->-r /home/odoo/.requirements.txt (line 2)) (0.3)
2022-05-12T06:54:36,506 Requirement already satisfied: jsonschema in /usr/local/lib/python3.6/dist-packages (from altair->-r /home/odoo/.requirements.txt (line 2)) (3.0.1)
2022-05-12T06:54:36,514 Requirement already satisfied: six>=1.9 in /usr/local/lib/python3.6/dist-packages (from py3o.template==0.10.0->-r /home/odoo/.requirements.txt (line 3)) (1.16.0)
2022-05-12T06:54:36,516 Requirement already satisfied: Pillow in /usr/lib/python3/dist-packages (from py3o.template==0.10.0->-r /home/odoo/.requirements.txt (line 3)) (5.1.0)
2022-05-12T06:54:36,517 Requirement already satisfied: pyjon.utils>0.6 in ./.local/lib/python3.6/site-packages (from py3o.template==0.10.0->-r /home/odoo/.requirements.txt (line 3)) (0.7)
2022-05-12T06:54:36,520 Requirement already satisfied: babel in /usr/lib/python3/dist-packages (from py3o.template==0.10.0->-r /home/odoo/.requirements.txt (line 3)) (2.4.0)
2022-05-12T06:54:36,521 Requirement already satisfied: lxml in /usr/local/lib/python3.6/dist-packages (from py3o.template==0.10.0->-r /home/odoo/.requirements.txt (line 3)) (4.2.3)
2022-05-12T06:54:36,528 Requirement already satisfied: genshi>=0.7 in ./.local/lib/python3.6/site-packages (from py3o.template==0.10.0->-r /home/odoo/.requirements.txt (line 3)) (0.7.5)
2022-05-12T06:54:36,532 Requirement already satisfied: setuptools in /usr/local/lib/python3.6/dist-packages (from py3o.template==0.10.0->-r /home/odoo/.requirements.txt (line 3)) (57.0.0)
2022-05-12T06:54:36,564 Requirement already satisfied: future in ./.local/lib/python3.6/site-packages (from cubiscan->-r /home/odoo/.requirements.txt (line 5)) (0.18.2)
2022-05-12T06:54:36,566 Requirement already satisfied: unicodecsv in ./.local/lib/python3.6/site-packages (from cubiscan->-r /home/odoo/.requirements.txt (line 5)) (0.14.1)
2022-05-12T06:54:36,569 Requirement already satisfied: python-dateutil>=2.1 in /usr/lib/python3/dist-packages (from bokeh==1.1.0->-r /home/odoo/.requirements.txt (line 8)) (2.6.1)
2022-05-12T06:54:36,570 Requirement already satisfied: tornado>=4.3 in /usr/local/lib/python3.6/dist-packages (from bokeh==1.1.0->-r /home/odoo/.requirements.txt (line 8)) (6.1)
2022-05-12T06:54:36,571 Requirement already satisfied: packaging>=16.8 in ./.local/lib/python3.6/site-packages (from bokeh==1.1.0->-r /home/odoo/.requirements.txt (line 8)) (20.4)
2022-05-12T06:54:36,574 Requirement already satisfied: PyYAML>=3.10 in /usr/lib/python3/dist-packages (from bokeh==1.1.0->-r /home/odoo/.requirements.txt (line 8)) (3.12)
2022-05-12T06:54:36,575 Requirement already satisfied: simplejson in /usr/lib/python3/dist-packages (from linkedin->-r /home/odoo/.requirements.txt (line 12)) (3.13.2)
2022-05-12T06:54:36,576 Requirement already satisfied: oauth2 in ./.local/lib/python3.6/site-packages (from linkedin->-r /home/odoo/.requirements.txt (line 12)) (1.9.0.post1)
2022-05-12T06:54:36,578 Requirement already satisfied: httplib2 in /usr/lib/python3/dist-packages (from linkedin->-r /home/odoo/.requirements.txt (line 12)) (0.9.2)
2022-05-12T06:54:36,578 Requirement already satisfied: requests>=2.22.0 in ./.local/lib/python3.6/site-packages (from mechanicalsoup->-r /home/odoo/.requirements.txt (line 13)) (2.26.0)
2022-05-12T06:54:36,590 Requirement already satisfied: beautifulsoup4>=4.7 in ./.local/lib/python3.6/site-packages (from mechanicalsoup->-r /home/odoo/.requirements.txt (line 13)) (4.10.0)
2022-05-12T06:54:36,594 Requirement already satisfied: html5lib>=0.999999999 in /usr/lib/python3/dist-packages (from mechanize->-r /home/odoo/.requirements.txt (line 14)) (0.999999999)
2022-05-12T06:54:36,600 Requirement already satisfied: pyrsistent>=0.14.0 in /usr/local/lib/python3.6/dist-packages (from jsonschema->altair->-r /home/odoo/.requirements.txt (line 2)) (0.14.11)
2022-05-12T06:54:36,603 Requirement already satisfied: attrs>=17.4.0 in /usr/local/lib/python3.6/dist-packages (from jsonschema->altair->-r /home/odoo/.requirements.txt (line 2)) (19.1.0)
2022-05-12T06:54:36,615 Requirement already satisfied: pyparsing>=2.0.2 in /usr/lib/python3/dist-packages (from packaging>=16.8->bokeh==1.1.0->-r /home/odoo/.requirements.txt (line 8)) (2.2.0)
2022-05-12T06:54:36,616 Requirement already satisfied: charset-normalizer~=2.0.0; python_version >= "3" in ./.local/lib/python3.6/site-packages (from requests>=2.22.0->mechanicalsoup->-r /home/odoo/.requirements.txt (line 13)) (2.0.6)
2022-05-12T06:54:36,619 Requirement already satisfied: urllib3<1.27,>=1.21.1 in /usr/local/lib/python3.6/dist-packages (from requests>=2.22.0->mechanicalsoup->-r /home/odoo/.requirements.txt (line 13)) (1.22)
2022-05-12T06:54:36,628 Requirement already satisfied: certifi>=2017.4.17 in /usr/local/lib/python3.6/dist-packages (from requests>=2.22.0->mechanicalsoup->-r /home/odoo/.requirements.txt (line 13)) (2019.3.9)
2022-05-12T06:54:36,630 Requirement already satisfied: idna<4,>=2.5; python_version >= "3" in /usr/lib/python3/dist-packages (from requests>=2.22.0->mechanicalsoup->-r /home/odoo/.requirements.txt (line 13)) (2.6)
2022-05-12T06:54:36,631 Requirement already satisfied: soupsieve>1.2 in ./.local/lib/python3.6/site-packages (from beautifulsoup4>=4.7->mechanicalsoup->-r /home/odoo/.requirements.txt (line 13)) (2.2.1)
2022-05-12T06:54:37,028 Removed build tracker: '/tmp/pip-req-tracker-3poqw61e'

Running command: /usr/local/bin/pip3 install --use-deprecated=legacy-resolver --user --log=/home/odoo/logs/pip.log -r /home/odoo/.requirements.txt
2022-05-12T07:47:00,802 Using pip 21.3.1 from /usr/local/lib/python3.6/dist-packages/pip (python 3.6)
2022-05-12T07:47:00,802 User install by explicit request
2022-05-12T07:47:00,892 Created temporary directory: /tmp/pip-ephem-wheel-cache-g1ld717k
2022-05-12T07:47:00,893 Created temporary directory: /tmp/pip-req-tracker-vmkxcsf9
2022-05-12T07:47:00,893 Initialized build tracking at /tmp/pip-req-tracker-vmkxcsf9
2022-05-12T07:47:00,893 Created build tracker: /tmp/pip-req-tracker-vmkxcsf9
2022-05-12T07:47:00,893 Entered build tracker: /tmp/pip-req-tracker-vmkxcsf9
2022-05-12T07:47:00,893 Created temporary directory: /tmp/pip-install-asy0sair
2022-05-12T07:47:00,908 Requirement already satisfied: python-barcode in ./.local/lib/python3.6/site-packages (from -r /home/odoo/.requirements.txt (line 1)) (0.13.1)
2022-05-12T07:47:00,911 Requirement already satisfied: altair in ./.local/lib/python3.6/site-packages (from -r /home/odoo/.requirements.txt (line 2)) (4.1.0)
2022-05-12T07:47:00,923 Requirement already satisfied: py3o.template==0.10.0 in ./.local/lib/python3.6/site-packages (from -r /home/odoo/.requirements.txt (line 3)) (0.10.0)
2022-05-12T07:47:00,931 Requirement already satisfied: py3o.formats==0.3 in ./.local/lib/python3.6/site-packages (from -r /home/odoo/.requirements.txt (line 4)) (0.3)
2022-05-12T07:47:00,933 Requirement already satisfied: cubiscan in ./.local/lib/python3.6/site-packages (from -r /home/odoo/.requirements.txt (line 5)) (0.0.3)
2022-05-12T07:47:00,936 Requirement already satisfied: mock in /usr/lib/python3/dist-packages (from -r /home/odoo/.requirements.txt (line 6)) (2.0.0)
2022-05-12T07:47:00,941 Requirement already satisfied: bokeh==1.1.0 in ./.local/lib/python3.6/site-packages (from -r /home/odoo/.requirements.txt (line 8)) (1.1.0)
2022-05-12T07:47:00,951 Requirement already satisfied: matplotlib>=2.0.0 in /usr/lib/python3/dist-packages (from -r /home/odoo/.requirements.txt (line 10)) (2.1.1)
2022-05-12T07:47:00,952 Requirement already satisfied: mpld3==0.3 in ./.local/lib/python3.6/site-packages (from -r /home/odoo/.requirements.txt (line 11)) (0.3)
2022-05-12T07:47:00,953 Requirement already satisfied: linkedin in ./.local/lib/python3.6/site-packages (from -r /home/odoo/.requirements.txt (line 12)) (0.1.5)
2022-05-12T07:47:00,956 Requirement already satisfied: mechanicalsoup in ./.local/lib/python3.6/site-packages (from -r /home/odoo/.requirements.txt (line 13)) (1.1.0)
2022-05-12T07:47:00,959 Requirement already satisfied: mechanize in ./.local/lib/python3.6/site-packages (from -r /home/odoo/.requirements.txt (line 14)) (0.4.7)
2022-05-12T07:47:00,962 Requirement already satisfied: pandas in /usr/lib/python3/dist-packages (from -r /home/odoo/.requirements.txt (line 15)) (0.22.0)
2022-05-12T07:47:00,963 Requirement already satisfied: entrypoints in /usr/local/lib/python3.6/dist-packages (from altair->-r /home/odoo/.requirements.txt (line 2)) (0.3)
2022-05-12T07:47:00,965 Requirement already satisfied: toolz in ./.local/lib/python3.6/site-packages (from altair->-r /home/odoo/.requirements.txt (line 2)) (0.11.1)
2022-05-12T07:47:00,967 Requirement already satisfied: numpy in /usr/lib/python3/dist-packages (from altair->-r /home/odoo/.requirements.txt (line 2)) (1.13.3)
2022-05-12T07:47:00,968 Requirement already satisfied: jinja2 in /usr/lib/python3/dist-packages (from altair->-r /home/odoo/.requirements.txt (line 2)) (2.10)
2022-05-12T07:47:00,970 Requirement already satisfied: jsonschema in /usr/local/lib/python3.6/dist-packages (from altair->-r /home/odoo/.requirements.txt (line 2)) (3.0.1)
2022-05-12T07:47:00,979 Requirement already satisfied: genshi>=0.7 in ./.local/lib/python3.6/site-packages (from py3o.template==0.10.0->-r /home/odoo/.requirements.txt (line 3)) (0.7.5)
2022-05-12T07:47:00,985 Requirement already satisfied: Pillow in /usr/lib/python3/dist-packages (from py3o.template==0.10.0->-r /home/odoo/.requirements.txt (line 3)) (5.1.0)
2022-05-12T07:47:00,987 Requirement already satisfied: babel in /usr/lib/python3/dist-packages (from py3o.template==0.10.0->-r /home/odoo/.requirements.txt (line 3)) (2.4.0)
2022-05-12T07:47:00,988 Requirement already satisfied: pyjon.utils>0.6 in ./.local/lib/python3.6/site-packages (from py3o.template==0.10.0->-r /home/odoo/.requirements.txt (line 3)) (0.7)
2022-05-12T07:47:00,990 Requirement already satisfied: six>=1.9 in /usr/local/lib/python3.6/dist-packages (from py3o.template==0.10.0->-r /home/odoo/.requirements.txt (line 3)) (1.16.0)
2022-05-12T07:47:00,992 Requirement already satisfied: lxml in /usr/local/lib/python3.6/dist-packages (from py3o.template==0.10.0->-r /home/odoo/.requirements.txt (line 3)) (4.2.3)
2022-05-12T07:47:00,998 Requirement already satisfied: setuptools in /usr/local/lib/python3.6/dist-packages (from py3o.template==0.10.0->-r /home/odoo/.requirements.txt (line 3)) (57.0.0)
2022-05-12T07:47:01,034 Requirement already satisfied: future in ./.local/lib/python3.6/site-packages (from cubiscan->-r /home/odoo/.requirements.txt (line 5)) (0.18.2)
2022-05-12T07:47:01,036 Requirement already satisfied: unicodecsv in ./.local/lib/python3.6/site-packages (from cubiscan->-r /home/odoo/.requirements.txt (line 5)) (0.14.1)
2022-05-12T07:47:01,037 Requirement already satisfied: packaging>=16.8 in ./.local/lib/python3.6/site-packages (from bokeh==1.1.0->-r /home/odoo/.requirements.txt (line 8)) (20.4)
2022-05-12T07:47:01,041 Requirement already satisfied: tornado>=4.3 in /usr/local/lib/python3.6/dist-packages (from bokeh==1.1.0->-r /home/odoo/.requirements.txt (line 8)) (6.1)
2022-05-12T07:47:01,043 Requirement already satisfied: PyYAML>=3.10 in /usr/lib/python3/dist-packages (from bokeh==1.1.0->-r /home/odoo/.requirements.txt (line 8)) (3.12)
2022-05-12T07:47:01,044 Requirement already satisfied: python-dateutil>=2.1 in /usr/lib/python3/dist-packages (from bokeh==1.1.0->-r /home/odoo/.requirements.txt (line 8)) (2.6.1)
2022-05-12T07:47:01,045 Requirement already satisfied: httplib2 in /usr/lib/python3/dist-packages (from linkedin->-r /home/odoo/.requirements.txt (line 12)) (0.9.2)
2022-05-12T07:47:01,046 Requirement already satisfied: oauth2 in ./.local/lib/python3.6/site-packages (from linkedin->-r /home/odoo/.requirements.txt (line 12)) (1.9.0.post1)
2022-05-12T07:47:01,048 Requirement already satisfied: simplejson in /usr/lib/python3/dist-packages (from linkedin->-r /home/odoo/.requirements.txt (line 12)) (3.13.2)
2022-05-12T07:47:01,048 Requirement already satisfied: requests>=2.22.0 in ./.local/lib/python3.6/site-packages (from mechanicalsoup->-r /home/odoo/.requirements.txt (line 13)) (2.26.0)
2022-05-12T07:47:01,061 Requirement already satisfied: beautifulsoup4>=4.7 in ./.local/lib/python3.6/site-packages (from mechanicalsoup->-r /home/odoo/.requirements.txt (line 13)) (4.10.0)
2022-05-12T07:47:01,065 Requirement already satisfied: html5lib>=0.999999999 in /usr/lib/python3/dist-packages (from mechanize->-r /home/odoo/.requirements.txt (line 14)) (0.999999999)
2022-05-12T07:47:01,072 Requirement already satisfied: pyrsistent>=0.14.0 in /usr/local/lib/python3.6/dist-packages (from jsonschema->altair->-r /home/odoo/.requirements.txt (line 2)) (0.14.11)
2022-05-12T07:47:01,074 Requirement already satisfied: attrs>=17.4.0 in /usr/local/lib/python3.6/dist-packages (from jsonschema->altair->-r /home/odoo/.requirements.txt (line 2)) (19.1.0)
2022-05-12T07:47:01,092 Requirement already satisfied: pyparsing>=2.0.2 in /usr/lib/python3/dist-packages (from packaging>=16.8->bokeh==1.1.0->-r /home/odoo/.requirements.txt (line 8)) (2.2.0)
2022-05-12T07:47:01,094 Requirement already satisfied: idna<4,>=2.5; python_version >= "3" in /usr/lib/python3/dist-packages (from requests>=2.22.0->mechanicalsoup->-r /home/odoo/.requirements.txt (line 13)) (2.6)
2022-05-12T07:47:01,096 Requirement already satisfied: charset-normalizer~=2.0.0; python_version >= "3" in ./.local/lib/python3.6/site-packages (from requests>=2.22.0->mechanicalsoup->-r /home/odoo/.requirements.txt (line 13)) (2.0.6)
2022-05-12T07:47:01,100 Requirement already satisfied: certifi>=2017.4.17 in /usr/local/lib/python3.6/dist-packages (from requests>=2.22.0->mechanicalsoup->-r /home/odoo/.requirements.txt (line 13)) (2019.3.9)
2022-05-12T07:47:01,101 Requirement already satisfied: urllib3<1.27,>=1.21.1 in /usr/local/lib/python3.6/dist-packages (from requests>=2.22.0->mechanicalsoup->-r /home/odoo/.requirements.txt (line 13)) (1.22)
2022-05-12T07:47:01,113 Requirement already satisfied: soupsieve>1.2 in ./.local/lib/python3.6/site-packages (from beautifulsoup4>=4.7->mechanicalsoup->-r /home/odoo/.requirements.txt (line 13)) (2.2.1)
2022-05-12T07:47:01,422 Removed build tracker: '/tmp/pip-req-tracker-vmkxcsf9'

Running command: /usr/local/bin/pip3 install --use-deprecated=legacy-resolver --user --log=/home/odoo/logs/pip.log -r /home/odoo/.requirements.txt
2022-05-12T11:37:22,702 Using pip 21.3.1 from /usr/local/lib/python3.6/dist-packages/pip (python 3.6)
2022-05-12T11:37:22,703 User install by explicit request
2022-05-12T11:37:22,806 Created temporary directory: /tmp/pip-ephem-wheel-cache-cvwq_zc6
2022-05-12T11:37:22,806 Created temporary directory: /tmp/pip-req-tracker-dtdjmfr0
2022-05-12T11:37:22,806 Initialized build tracking at /tmp/pip-req-tracker-dtdjmfr0
2022-05-12T11:37:22,806 Created build tracker: /tmp/pip-req-tracker-dtdjmfr0
2022-05-12T11:37:22,806 Entered build tracker: /tmp/pip-req-tracker-dtdjmfr0
2022-05-12T11:37:22,806 Created temporary directory: /tmp/pip-install-ahmjpfe3
2022-05-12T11:37:22,822 Requirement already satisfied: python-barcode in ./.local/lib/python3.6/site-packages (from -r /home/odoo/.requirements.txt (line 1)) (0.13.1)
2022-05-12T11:37:22,826 Requirement already satisfied: altair in ./.local/lib/python3.6/site-packages (from -r /home/odoo/.requirements.txt (line 2)) (4.1.0)
2022-05-12T11:37:22,842 Requirement already satisfied: py3o.template==0.10.0 in ./.local/lib/python3.6/site-packages (from -r /home/odoo/.requirements.txt (line 3)) (0.10.0)
2022-05-12T11:37:22,849 Requirement already satisfied: py3o.formats==0.3 in ./.local/lib/python3.6/site-packages (from -r /home/odoo/.requirements.txt (line 4)) (0.3)
2022-05-12T11:37:22,851 Requirement already satisfied: cubiscan in ./.local/lib/python3.6/site-packages (from -r /home/odoo/.requirements.txt (line 5)) (0.0.3)
2022-05-12T11:37:22,854 Requirement already satisfied: mock in /usr/lib/python3/dist-packages (from -r /home/odoo/.requirements.txt (line 6)) (2.0.0)
2022-05-12T11:37:22,860 Requirement already satisfied: bokeh==1.1.0 in ./.local/lib/python3.6/site-packages (from -r /home/odoo/.requirements.txt (line 8)) (1.1.0)
2022-05-12T11:37:22,869 Requirement already satisfied: matplotlib>=2.0.0 in /usr/lib/python3/dist-packages (from -r /home/odoo/.requirements.txt (line 10)) (2.1.1)
2022-05-12T11:37:22,870 Requirement already satisfied: mpld3==0.3 in ./.local/lib/python3.6/site-packages (from -r /home/odoo/.requirements.txt (line 11)) (0.3)
2022-05-12T11:37:22,871 Requirement already satisfied: linkedin in ./.local/lib/python3.6/site-packages (from -r /home/odoo/.requirements.txt (line 12)) (0.1.5)
2022-05-12T11:37:22,874 Requirement already satisfied: mechanicalsoup in ./.local/lib/python3.6/site-packages (from -r /home/odoo/.requirements.txt (line 13)) (1.1.0)
2022-05-12T11:37:22,877 Requirement already satisfied: mechanize in ./.local/lib/python3.6/site-packages (from -r /home/odoo/.requirements.txt (line 14)) (0.4.7)
2022-05-12T11:37:22,882 Requirement already satisfied: pandas in /usr/lib/python3/dist-packages (from -r /home/odoo/.requirements.txt (line 15)) (0.22.0)
2022-05-12T11:37:22,884 Requirement already satisfied: jinja2 in /usr/lib/python3/dist-packages (from altair->-r /home/odoo/.requirements.txt (line 2)) (2.10)
2022-05-12T11:37:22,886 Requirement already satisfied: jsonschema in /usr/local/lib/python3.6/dist-packages (from altair->-r /home/odoo/.requirements.txt (line 2)) (3.0.1)
2022-05-12T11:37:22,896 Requirement already satisfied: toolz in ./.local/lib/python3.6/site-packages (from altair->-r /home/odoo/.requirements.txt (line 2)) (0.11.1)
2022-05-12T11:37:22,899 Requirement already satisfied: numpy in /usr/lib/python3/dist-packages (from altair->-r /home/odoo/.requirements.txt (line 2)) (1.13.3)
2022-05-12T11:37:22,900 Requirement already satisfied: entrypoints in /usr/local/lib/python3.6/dist-packages (from altair->-r /home/odoo/.requirements.txt (line 2)) (0.3)
2022-05-12T11:37:22,902 Requirement already satisfied: six>=1.9 in /usr/local/lib/python3.6/dist-packages (from py3o.template==0.10.0->-r /home/odoo/.requirements.txt (line 3)) (1.16.0)
2022-05-12T11:37:22,905 Requirement already satisfied: Pillow in /usr/lib/python3/dist-packages (from py3o.template==0.10.0->-r /home/odoo/.requirements.txt (line 3)) (5.1.0)
2022-05-12T11:37:22,908 Requirement already satisfied: babel in /usr/lib/python3/dist-packages (from py3o.template==0.10.0->-r /home/odoo/.requirements.txt (line 3)) (2.4.0)
2022-05-12T11:37:22,909 Requirement already satisfied: genshi>=0.7 in ./.local/lib/python3.6/site-packages (from py3o.template==0.10.0->-r /home/odoo/.requirements.txt (line 3)) (0.7.5)
2022-05-12T11:37:22,915 Requirement already satisfied: setuptools in /usr/local/lib/python3.6/dist-packages (from py3o.template==0.10.0->-r /home/odoo/.requirements.txt (line 3)) (57.0.0)
2022-05-12T11:37:22,940 Requirement already satisfied: pyjon.utils>0.6 in ./.local/lib/python3.6/site-packages (from py3o.template==0.10.0->-r /home/odoo/.requirements.txt (line 3)) (0.7)
2022-05-12T11:37:22,941 Requirement already satisfied: lxml in /usr/local/lib/python3.6/dist-packages (from py3o.template==0.10.0->-r /home/odoo/.requirements.txt (line 3)) (4.2.3)
2022-05-12T11:37:22,950 Requirement already satisfied: unicodecsv in ./.local/lib/python3.6/site-packages (from cubiscan->-r /home/odoo/.requirements.txt (line 5)) (0.14.1)
2022-05-12T11:37:22,951 Requirement already satisfied: future in ./.local/lib/python3.6/site-packages (from cubiscan->-r /home/odoo/.requirements.txt (line 5)) (0.18.2)
2022-05-12T11:37:22,953 Requirement already satisfied: packaging>=16.8 in ./.local/lib/python3.6/site-packages (from bokeh==1.1.0->-r /home/odoo/.requirements.txt (line 8)) (20.4)
2022-05-12T11:37:22,956 Requirement already satisfied: tornado>=4.3 in /usr/local/lib/python3.6/dist-packages (from bokeh==1.1.0->-r /home/odoo/.requirements.txt (line 8)) (6.1)
2022-05-12T11:37:22,958 Requirement already satisfied: python-dateutil>=2.1 in /usr/lib/python3/dist-packages (from bokeh==1.1.0->-r /home/odoo/.requirements.txt (line 8)) (2.6.1)
2022-05-12T11:37:22,960 Requirement already satisfied: PyYAML>=3.10 in /usr/lib/python3/dist-packages (from bokeh==1.1.0->-r /home/odoo/.requirements.txt (line 8)) (3.12)
2022-05-12T11:37:22,961 Requirement already satisfied: oauth2 in ./.local/lib/python3.6/site-packages (from linkedin->-r /home/odoo/.requirements.txt (line 12)) (1.9.0.post1)
2022-05-12T11:37:22,962 Requirement already satisfied: httplib2 in /usr/lib/python3/dist-packages (from linkedin->-r /home/odoo/.requirements.txt (line 12)) (0.9.2)
2022-05-12T11:37:22,964 Requirement already satisfied: simplejson in /usr/lib/python3/dist-packages (from linkedin->-r /home/odoo/.requirements.txt (line 12)) (3.13.2)
2022-05-12T11:37:22,964 Requirement already satisfied: requests>=2.22.0 in ./.local/lib/python3.6/site-packages (from mechanicalsoup->-r /home/odoo/.requirements.txt (line 13)) (2.26.0)
2022-05-12T11:37:22,981 Requirement already satisfied: beautifulsoup4>=4.7 in ./.local/lib/python3.6/site-packages (from mechanicalsoup->-r /home/odoo/.requirements.txt (line 13)) (4.10.0)
2022-05-12T11:37:22,986 Requirement already satisfied: html5lib>=0.999999999 in /usr/lib/python3/dist-packages (from mechanize->-r /home/odoo/.requirements.txt (line 14)) (0.999999999)
2022-05-12T11:37:22,993 Requirement already satisfied: attrs>=17.4.0 in /usr/local/lib/python3.6/dist-packages (from jsonschema->altair->-r /home/odoo/.requirements.txt (line 2)) (19.1.0)
2022-05-12T11:37:23,009 Requirement already satisfied: pyrsistent>=0.14.0 in /usr/local/lib/python3.6/dist-packages (from jsonschema->altair->-r /home/odoo/.requirements.txt (line 2)) (0.14.11)
2022-05-12T11:37:23,013 Requirement already satisfied: pyparsing>=2.0.2 in /usr/lib/python3/dist-packages (from packaging>=16.8->bokeh==1.1.0->-r /home/odoo/.requirements.txt (line 8)) (2.2.0)
2022-05-12T11:37:23,014 Requirement already satisfied: charset-normalizer~=2.0.0; python_version >= "3" in ./.local/lib/python3.6/site-packages (from requests>=2.22.0->mechanicalsoup->-r /home/odoo/.requirements.txt (line 13)) (2.0.6)
2022-05-12T11:37:23,017 Requirement already satisfied: urllib3<1.27,>=1.21.1 in /usr/local/lib/python3.6/dist-packages (from requests>=2.22.0->mechanicalsoup->-r /home/odoo/.requirements.txt (line 13)) (1.22)
2022-05-12T11:37:23,029 Requirement already satisfied: certifi>=2017.4.17 in /usr/local/lib/python3.6/dist-packages (from requests>=2.22.0->mechanicalsoup->-r /home/odoo/.requirements.txt (line 13)) (2019.3.9)
2022-05-12T11:37:23,033 Requirement already satisfied: idna<4,>=2.5; python_version >= "3" in /usr/lib/python3/dist-packages (from requests>=2.22.0->mechanicalsoup->-r /home/odoo/.requirements.txt (line 13)) (2.6)
2022-05-12T11:37:23,034 Requirement already satisfied: soupsieve>1.2 in ./.local/lib/python3.6/site-packages (from beautifulsoup4>=4.7->mechanicalsoup->-r /home/odoo/.requirements.txt (line 13)) (2.2.1)
2022-05-12T11:37:23,424 Removed build tracker: '/tmp/pip-req-tracker-dtdjmfr0'
