2022-05-12 11:37:24,533 12 INFO ? odoo: Odoo version 13.0 
2022-05-12 11:37:24,534 12 INFO ? odoo: Using configuration file at /home/odoo/.config/odoo/odoo.conf 
2022-05-12 11:37:24,534 12 INFO ? odoo: addons paths: ['/home/odoo/src/odoo/odoo/addons', '/home/odoo/data/addons/13.0', '/home/odoo/src/user/addons', '/home/odoo/src/user/addons/OCA/account-payment', '/home/odoo/src/user/addons/OCA/rma', '/home/odoo/src/user/addons/OCA/stock-logistics-barcode', '/home/odoo/src/user/addons/OCA/stock-logistics-workflow', '/home/odoo/src/user/addons/account-invoice-reporting', '/home/odoo/src/user/addons/azk_history_pricing', '/home/odoo/src/user/addons/azk_partner_product_code/addons', '/home/odoo/src/user/addons/einv/addons', '/home/odoo/src/user/addons/hr-expense', '/home/odoo/src/user/addons/hr_modules', '/home/odoo/src/user/addons/ks_dashboard_ninja', '/home/odoo/src/user/addons/lb_accounting/addons', '/home/odoo/src/user/addons/lb_payroll/addons', '/home/odoo/src/user/addons/po_lines/addons', '/home/odoo/src/user/addons/reporting-engine', '/home/odoo/src/user/addons/stock-logistics-warehouse', '/home/odoo/src/user/addons/web', '/home/odoo/src/user/azk_acounting_payment_currency', '/home/odoo/src/odoo/addons', '/home/odoo/src/enterprise', '/home/odoo/src/themes'] 
2022-05-12 11:37:24,535 12 INFO ? odoo: database: p_azkatech_mss_new_dev_4890224@192.168.1.1:5432 
2022-05-12 11:37:24,544 12 INFO ? odoo: Could not determine if database azkatech-mss-new-dev-4890224 exists, skipping auto-creation: permission denied for relation pg_database
 
2022-05-12 11:37:24,711 12 INFO ? odoo.addons.base.models.ir_actions_report: Will use the Wkhtmltopdf binary at /usr/local/bin/wkhtmltopdf 
2022-05-12 11:37:24,982 12 INFO azkatech-mss-new-dev-4890224 odoo.modules.loading: loading 1 modules... 
2022-05-12 11:37:25,003 12 INFO azkatech-mss-new-dev-4890224 odoo.modules.loading: 1 modules loaded in 0.02s, 0 queries 
2022-05-12 11:37:25,312 12 INFO azkatech-mss-new-dev-4890224 odoo.modules.loading: updating modules list 
2022-05-12 11:37:25,316 12 INFO azkatech-mss-new-dev-4890224 odoo.addons.base.models.ir_module: ALLOW access to module.update_list on [] to user __system__ #1 via n/a 
2022-05-12 11:37:27,853 12 INFO azkatech-mss-new-dev-4890224 odoo.addons.base.models.ir_module: ALLOW access to module.button_upgrade on ['Return Merchandise Authorization Management', 'web_action_conditionable'] to user __system__ #1 via n/a 
2022-05-12 11:37:27,853 12 INFO azkatech-mss-new-dev-4890224 odoo.addons.base.models.ir_module: ALLOW access to module.update_list on ['Return Merchandise Authorization Management', 'web_action_conditionable'] to user __system__ #1 via n/a 
2022-05-12 11:37:30,203 12 INFO azkatech-mss-new-dev-4890224 odoo.addons.base.models.ir_module: ALLOW access to module.button_install on [] to user __system__ #1 via n/a 
2022-05-12 11:37:30,569 12 INFO azkatech-mss-new-dev-4890224 odoo.modules.loading: loading 299 modules... 
2022-05-12 11:37:30,572 12 WARNING azkatech-mss-new-dev-4890224 odoo.models: The model azk.currency.unit.label has no _description 
2022-05-12 11:37:30,582 12 WARNING azkatech-mss-new-dev-4890224 odoo.models: The model azk.currency.sub.unit.label has no _description 
2022-05-12 11:37:30,608 12 WARNING azkatech-mss-new-dev-4890224 odoo.models: The model azk.currency.unit.label has no _description 
2022-05-12 11:37:30,610 12 WARNING azkatech-mss-new-dev-4890224 odoo.models: The model azk.currency.sub.unit.label has no _description 
2022-05-12 11:37:30,667 12 WARNING azkatech-mss-new-dev-4890224 odoo.models: The model azk.currency.unit.label has no _description 
2022-05-12 11:37:30,669 12 WARNING azkatech-mss-new-dev-4890224 odoo.models: The model azk.currency.sub.unit.label has no _description 
2022-05-12 11:37:31,427 12 INFO azkatech-mss-new-dev-4890224 odoo.modules.registry: module web_action_conditionable: creating or updating database tables 
2022-05-12 11:37:31,448 12 INFO azkatech-mss-new-dev-4890224 odoo.modules.loading: loading web_action_conditionable/views/view.xml 
2022-05-12 11:37:31,533 12 INFO azkatech-mss-new-dev-4890224 odoo.addons.base.models.ir_translation: module web_action_conditionable: no translation for language ar_001 
2022-05-12 11:37:31,573 12 WARNING azkatech-mss-new-dev-4890224 odoo.models: The model azk.currency.unit.label has no _description 
2022-05-12 11:37:31,580 12 WARNING azkatech-mss-new-dev-4890224 odoo.models: The model azk.currency.sub.unit.label has no _description 
2022-05-12 11:37:31,612 12 WARNING azkatech-mss-new-dev-4890224 odoo.models: The model azk.currency.unit.label has no _description 
2022-05-12 11:37:31,619 12 WARNING azkatech-mss-new-dev-4890224 odoo.models: The model azk.currency.sub.unit.label has no _description 
2022-05-12 11:37:31,672 12 WARNING azkatech-mss-new-dev-4890224 odoo.models: The model azk.currency.unit.label has no _description 
2022-05-12 11:37:31,675 12 WARNING azkatech-mss-new-dev-4890224 odoo.models: The model azk.currency.sub.unit.label has no _description 
2022-05-12 11:37:31,708 12 WARNING azkatech-mss-new-dev-4890224 odoo.models: The model azk.currency.unit.label has no _description 
2022-05-12 11:37:31,713 12 WARNING azkatech-mss-new-dev-4890224 odoo.models: The model azk.currency.sub.unit.label has no _description 
2022-05-12 11:37:31,830 12 WARNING azkatech-mss-new-dev-4890224 odoo.models: The model azk.currency.unit.label has no _description 
2022-05-12 11:37:31,832 12 WARNING azkatech-mss-new-dev-4890224 odoo.models: The model azk.currency.sub.unit.label has no _description 
2022-05-12 11:37:31,894 12 WARNING azkatech-mss-new-dev-4890224 odoo.models: The model azk.currency.unit.label has no _description 
2022-05-12 11:37:31,896 12 WARNING azkatech-mss-new-dev-4890224 odoo.models: The model azk.currency.sub.unit.label has no _description 
2022-05-12 11:37:31,935 12 WARNING azkatech-mss-new-dev-4890224 odoo.models: The model azk.currency.unit.label has no _description 
2022-05-12 11:37:31,937 12 WARNING azkatech-mss-new-dev-4890224 odoo.models: The model azk.currency.sub.unit.label has no _description 
2022-05-12 11:37:32,494 12 WARNING azkatech-mss-new-dev-4890224 odoo.models: The model azk.currency.unit.label has no _description 
2022-05-12 11:37:32,498 12 WARNING azkatech-mss-new-dev-4890224 odoo.models: The model azk.currency.sub.unit.label has no _description 
2022-05-12 11:37:32,742 12 WARNING azkatech-mss-new-dev-4890224 odoo.models: The model hr.reminder has no _description 
2022-05-12 11:37:32,772 12 WARNING azkatech-mss-new-dev-4890224 odoo.models: The model document.type has no _description 
2022-05-12 11:37:32,931 12 WARNING azkatech-mss-new-dev-4890224 odoo.models: The model azk.currency.unit.label has no _description 
2022-05-12 11:37:32,937 12 WARNING azkatech-mss-new-dev-4890224 odoo.models: The model azk.currency.sub.unit.label has no _description 
2022-05-12 11:37:32,949 12 WARNING azkatech-mss-new-dev-4890224 odoo.models: The model hr.reminder has no _description 
2022-05-12 11:37:32,951 12 WARNING azkatech-mss-new-dev-4890224 odoo.models: The model document.type has no _description 
2022-05-12 11:37:33,148 12 WARNING azkatech-mss-new-dev-4890224 odoo.models: The model azk_lebanon_leaves.allocation.rule has no _description 
2022-05-12 11:37:33,297 12 WARNING azkatech-mss-new-dev-4890224 odoo.models: The model hr.employee.relation has no _description 
2022-05-12 11:37:33,315 12 WARNING azkatech-mss-new-dev-4890224 odoo.models: The model hr.employee.holidays.approbation has no _description 
2022-05-12 11:37:33,317 12 WARNING azkatech-mss-new-dev-4890224 odoo.models: The model hr.employee.holidays.approver has no _description 
2022-05-12 11:37:33,884 12 WARNING azkatech-mss-new-dev-4890224 odoo.models: The model payroll.report has no _description 
2022-05-12 11:37:33,886 12 WARNING azkatech-mss-new-dev-4890224 odoo.models: The model payroll.report.wiz has no _description 
2022-05-12 11:37:33,888 12 WARNING azkatech-mss-new-dev-4890224 odoo.models: The model payroll.report.excel has no _description 
2022-05-12 11:37:34,229 12 WARNING azkatech-mss-new-dev-4890224 odoo.models: The model payroll.report.wiz has no _description 
2022-05-12 11:37:34,277 12 INFO azkatech-mss-new-dev-4890224 root: Generating grammar tables from /usr/lib/python3.6/lib2to3/Grammar.txt 
2022-05-12 11:37:34,299 12 INFO azkatech-mss-new-dev-4890224 root: Generating grammar tables from /usr/lib/python3.6/lib2to3/PatternGrammar.txt 
2022-05-12 11:37:37,166 12 INFO azkatech-mss-new-dev-4890224 odoo.modules.registry: module rma: creating or updating database tables 
2022-05-12 11:37:37,815 12 WARNING azkatech-mss-new-dev-4890224 odoo.addons.base.models.ir_model: Two fields (x_studio_field_PAVsB, invoice_user_id) of account.move() have the same label: Salesperson. 
2022-05-12 11:37:37,817 12 WARNING azkatech-mss-new-dev-4890224 odoo.addons.base.models.ir_model: Two fields (x_studio_journal_type, x_studio_journal_type_1) of account.move() have the same label: Journal Type. 
2022-05-12 11:37:37,819 12 WARNING azkatech-mss-new-dev-4890224 odoo.addons.base.models.ir_model: Two fields (x_studio_field_qPupQ, x_studio_field_3Hf02) of account.move() have the same label: New Related Field. 
2022-05-12 11:37:37,820 12 WARNING azkatech-mss-new-dev-4890224 odoo.addons.base.models.ir_model: Two fields (x_studio_total_cost_amount, x_inv_cost_totals) of account.move() have the same label: Total Cost Amount. 
2022-05-12 11:37:37,881 12 WARNING azkatech-mss-new-dev-4890224 odoo.addons.base.models.ir_model: Two fields (x_studio_field_sqnsp, x_studio_field_k7cLJ) of account.move.line() have the same label: Contact. 
2022-05-12 11:37:37,884 12 WARNING azkatech-mss-new-dev-4890224 odoo.addons.base.models.ir_model: Two fields (x_studio_account_type_1, x_studio_account_type) of account.move.line() have the same label: Account Type. 
2022-05-12 11:37:37,885 12 WARNING azkatech-mss-new-dev-4890224 odoo.addons.base.models.ir_model: Two fields (x_studio_currency, currency_id) of account.move.line() have the same label: Currency. 
2022-05-12 11:37:37,886 12 WARNING azkatech-mss-new-dev-4890224 odoo.addons.base.models.ir_model: Two fields (x_studio_subtotal_in_lcurr_bill, x_studio_subtotal_in_lcurr) of account.move.line() have the same label: Subtotal in LCurr. 
2022-05-12 11:37:37,888 12 WARNING azkatech-mss-new-dev-4890224 odoo.addons.base.models.ir_model: Two fields (x_studio_tax_id_bill, x_studio_tax_id) of account.move.line() have the same label: Tax ID. 
2022-05-12 11:37:37,889 12 WARNING azkatech-mss-new-dev-4890224 odoo.addons.base.models.ir_model: Two fields (x_studio_currency_bill, currency_id) of account.move.line() have the same label: Currency. 
2022-05-12 11:37:37,890 12 WARNING azkatech-mss-new-dev-4890224 odoo.addons.base.models.ir_model: Two fields (x_cost, x_studio_cost) of account.move.line() have the same label: Cost. 
2022-05-12 11:37:37,891 12 WARNING azkatech-mss-new-dev-4890224 odoo.addons.base.models.ir_model: Two fields (x_studio_hospital_channel_1, x_studio_hospital_channel) of account.move.line() have the same label: Hospital Channel. 
2022-05-12 11:37:37,954 12 WARNING azkatech-mss-new-dev-4890224 odoo.addons.base.models.ir_model: Two fields (x_studio_total_sale_price_1, x_studio_total_sale_price) of rma() have the same label: Total Sale Price. 
2022-05-12 11:37:37,956 12 WARNING azkatech-mss-new-dev-4890224 odoo.addons.base.models.ir_model: Two fields (x_studio_total_cost_1, x_studio_total_cost) of rma() have the same label: Total Cost. 
2022-05-12 11:37:37,957 12 WARNING azkatech-mss-new-dev-4890224 odoo.addons.base.models.ir_model: Two fields (x_studio_gross_margin, x_studio_gross_margin_receipt) of rma() have the same label: Gross Margin. 
2022-05-12 11:37:38,194 12 WARNING azkatech-mss-new-dev-4890224 odoo.addons.base.models.ir_model: Two fields (group_show_say_of_default_currency, show_say_of_default_currency) of res.config.settings() have the same label: Display counter value in local currency for invoice, sales order, purchase order. 
2022-05-12 11:37:38,196 12 WARNING azkatech-mss-new-dev-4890224 odoo.addons.base.models.ir_model: Two fields (group_show_tax_say_of_default_currency, show_tax_say_of_default_currency) of res.config.settings() have the same label: Display tax counter value in local currency for invoice, sales order, purchase order. 
2022-05-12 11:37:38,263 12 WARNING azkatech-mss-new-dev-4890224 odoo.addons.base.models.ir_model: Two fields (x_studio_field_vh87n, x_studio_field_ETjpp) of res.partner() have the same label: New One2many. 
2022-05-12 11:37:38,266 12 WARNING azkatech-mss-new-dev-4890224 odoo.addons.base.models.ir_model: Two fields (x_studio_field_IEiSd, x_studio_field_ETjpp) of res.partner() have the same label: New One2many. 
2022-05-12 11:37:38,267 12 WARNING azkatech-mss-new-dev-4890224 odoo.addons.base.models.ir_model: Two fields (x_studio_field_ORUhm, x_studio_field_ETjpp) of res.partner() have the same label: New One2many. 
2022-05-12 11:37:38,269 12 WARNING azkatech-mss-new-dev-4890224 odoo.addons.base.models.ir_model: Two fields (x_studio_field_iBuYJ, x_studio_field_2Dv0u) of res.partner() have the same label: Surgeries By Hospital. 
2022-05-12 11:37:38,270 12 WARNING azkatech-mss-new-dev-4890224 odoo.addons.base.models.ir_model: Two fields (x_studio_surgeries_by_hospital, x_studio_field_2Dv0u) of res.partner() have the same label: Surgeries By Hospital. 
2022-05-12 11:37:38,272 12 WARNING azkatech-mss-new-dev-4890224 odoo.addons.base.models.ir_model: Two fields (x_studio_field_j1StH, x_studio_field_2Dv0u) of res.partner() have the same label: Surgeries By Hospital. 
2022-05-12 11:37:38,273 12 WARNING azkatech-mss-new-dev-4890224 odoo.addons.base.models.ir_model: Two fields (x_studio_surgeries_by_hospital_1, x_studio_field_2Dv0u) of res.partner() have the same label: Surgeries By Hospital. 
2022-05-12 11:37:38,275 12 WARNING azkatech-mss-new-dev-4890224 odoo.addons.base.models.ir_model: Two fields (x_studio_contact_type, company_type) of res.partner() have the same label: Company Type. 
2022-05-12 11:37:38,331 12 WARNING azkatech-mss-new-dev-4890224 odoo.addons.base.models.ir_model: Two fields (x_studio_field_vh87n, x_studio_field_ETjpp) of res.users() have the same label: New One2many. 
2022-05-12 11:37:38,334 12 WARNING azkatech-mss-new-dev-4890224 odoo.addons.base.models.ir_model: Two fields (x_studio_field_IEiSd, x_studio_field_ETjpp) of res.users() have the same label: New One2many. 
2022-05-12 11:37:38,335 12 WARNING azkatech-mss-new-dev-4890224 odoo.addons.base.models.ir_model: Two fields (x_studio_field_ORUhm, x_studio_field_ETjpp) of res.users() have the same label: New One2many. 
2022-05-12 11:37:38,337 12 WARNING azkatech-mss-new-dev-4890224 odoo.addons.base.models.ir_model: Two fields (x_studio_field_iBuYJ, x_studio_field_2Dv0u) of res.users() have the same label: Surgeries By Hospital. 
2022-05-12 11:37:38,339 12 WARNING azkatech-mss-new-dev-4890224 odoo.addons.base.models.ir_model: Two fields (x_studio_surgeries_by_hospital, x_studio_field_2Dv0u) of res.users() have the same label: Surgeries By Hospital. 
2022-05-12 11:37:38,341 12 WARNING azkatech-mss-new-dev-4890224 odoo.addons.base.models.ir_model: Two fields (x_studio_field_j1StH, x_studio_field_2Dv0u) of res.users() have the same label: Surgeries By Hospital. 
2022-05-12 11:37:38,343 12 WARNING azkatech-mss-new-dev-4890224 odoo.addons.base.models.ir_model: Two fields (x_studio_surgeries_by_hospital_1, x_studio_field_2Dv0u) of res.users() have the same label: Surgeries By Hospital. 
2022-05-12 11:37:38,344 12 WARNING azkatech-mss-new-dev-4890224 odoo.addons.base.models.ir_model: Two fields (x_studio_contact_type, company_type) of res.users() have the same label: Company Type. 
2022-05-12 11:37:38,689 12 INFO azkatech-mss-new-dev-4890224 odoo.modules.loading: loading rma/views/report_rma.xml 
2022-05-12 11:37:38,717 12 INFO azkatech-mss-new-dev-4890224 odoo.modules.loading: loading rma/report/report.xml 
2022-05-12 11:37:38,726 12 INFO azkatech-mss-new-dev-4890224 odoo.modules.loading: loading rma/data/mail_data.xml 
2022-05-12 11:37:38,742 12 INFO azkatech-mss-new-dev-4890224 odoo.modules.loading: loading rma/data/rma_operation_data.xml 
2022-05-12 11:37:38,749 12 INFO azkatech-mss-new-dev-4890224 odoo.modules.loading: loading rma/data/stock_data.xml 
2022-05-12 11:37:38,754 12 INFO azkatech-mss-new-dev-4890224 odoo.modules.loading: loading rma/security/rma_security.xml 
2022-05-12 11:37:40,089 12 INFO azkatech-mss-new-dev-4890224 odoo.modules.loading: loading rma/security/ir.model.access.csv 
2022-05-12 11:37:40,178 12 INFO azkatech-mss-new-dev-4890224 odoo.modules.loading: loading rma/wizard/stock_picking_return_views.xml 
2022-05-12 11:37:40,214 12 INFO azkatech-mss-new-dev-4890224 odoo.modules.loading: loading rma/wizard/rma_delivery_views.xml 
2022-05-12 11:37:40,236 12 INFO azkatech-mss-new-dev-4890224 odoo.modules.loading: loading rma/wizard/rma_finalization_wizard_views.xml 
2022-05-12 11:37:40,253 12 INFO azkatech-mss-new-dev-4890224 odoo.modules.loading: loading rma/wizard/rma_split_views.xml 
2022-05-12 11:37:40,274 12 INFO azkatech-mss-new-dev-4890224 odoo.modules.loading: loading rma/views/menus.xml 
2022-05-12 11:37:40,306 12 INFO azkatech-mss-new-dev-4890224 odoo.modules.loading: loading rma/views/res_partner_views.xml 
2022-05-12 11:37:40,526 12 INFO azkatech-mss-new-dev-4890224 odoo.modules.loading: loading rma/views/rma_finalization_views.xml 
2022-05-12 11:37:40,607 12 INFO azkatech-mss-new-dev-4890224 odoo.modules.loading: loading rma/views/rma_portal_templates.xml 
2022-05-12 11:37:40,772 12 INFO azkatech-mss-new-dev-4890224 odoo.modules.loading: loading rma/views/rma_team_views.xml 
2022-05-12 11:37:40,931 12 INFO azkatech-mss-new-dev-4890224 odoo.modules.loading: loading rma/views/rma_views.xml 
2022-05-12 11:37:41,101 12 INFO azkatech-mss-new-dev-4890224 odoo.modules.loading: loading rma/views/rma_tag_views.xml 
2022-05-12 11:37:41,162 12 INFO azkatech-mss-new-dev-4890224 odoo.modules.loading: loading rma/views/stock_picking_views.xml 
2022-05-12 11:37:41,297 12 INFO azkatech-mss-new-dev-4890224 odoo.modules.loading: loading rma/views/stock_warehouse_views.xml 
2022-05-12 11:37:41,349 12 INFO azkatech-mss-new-dev-4890224 odoo.modules.loading: loading rma/views/res_config_settings_views.xml 
2022-05-12 11:37:41,941 12 INFO azkatech-mss-new-dev-4890224 odoo.addons.base.models.ir_translation: module rma: no translation for language ar_001 
2022-05-12 11:37:42,261 12 WARNING azkatech-mss-new-dev-4890224 odoo.models: The model account.nonauthorized.user has no _description 
2022-05-12 11:37:44,261 12 INFO azkatech-mss-new-dev-4890224 odoo.modules.registry: module az_product_exchange: creating or updating database tables 
2022-05-12 11:37:44,337 12 WARNING azkatech-mss-new-dev-4890224 odoo.addons.base.models.ir_model: Two fields (delivery_lines, receipt_lines) of rma() have the same label: receipt products Lines. 
2022-05-12 11:37:44,340 12 WARNING azkatech-mss-new-dev-4890224 odoo.addons.base.models.ir_model: Two fields (reception_move_ids, reception_move_id) of rma() have the same label: Reception move. 
2022-05-12 11:37:44,342 12 WARNING azkatech-mss-new-dev-4890224 odoo.addons.base.models.ir_model: Two fields (x_studio_total_sale_price_1, x_studio_total_sale_price) of rma() have the same label: Total Sale Price. 
2022-05-12 11:37:44,343 12 WARNING azkatech-mss-new-dev-4890224 odoo.addons.base.models.ir_model: Two fields (x_studio_total_cost_1, x_studio_total_cost) of rma() have the same label: Total Cost. 
2022-05-12 11:37:44,345 12 WARNING azkatech-mss-new-dev-4890224 odoo.addons.base.models.ir_model: Two fields (x_studio_gross_margin, x_studio_gross_margin_receipt) of rma() have the same label: Gross Margin. 
2022-05-12 11:37:44,402 12 WARNING azkatech-mss-new-dev-4890224 odoo.addons.base.models.ir_model: Two fields (rma_delivery_id, rma_receipt_id) of product.line() have the same label: Rma Receipt Reference. 
2022-05-12 11:37:44,404 12 WARNING azkatech-mss-new-dev-4890224 odoo.addons.base.models.ir_model: Two fields (x_studio_cost_1, x_studio_cost) of product.line() have the same label: Cost. 
2022-05-12 11:37:44,603 12 INFO azkatech-mss-new-dev-4890224 odoo.modules.loading: loading az_product_exchange/views/views.xml 
2022-05-12 11:37:44,672 12 INFO azkatech-mss-new-dev-4890224 odoo.modules.loading: loading az_product_exchange/security/ir.model.access.csv 
2022-05-12 11:37:44,713 12 INFO azkatech-mss-new-dev-4890224 odoo.addons.base.models.ir_translation: module az_product_exchange: no translation for language ar_001 
2022-05-12 11:37:45,657 12 WARNING azkatech-mss-new-dev-4890224 odoo.fields: sale.order.state: selection=[('draft', 'Quotation'), ('sent', 'Quotation Sent'), ('foc_approval', 'FOC Approval'), ('sale', 'Sales Order'), ('done', 'Locked'), ('cancel', 'Cancelled')] overrides existing selection; use selection_add instead 
2022-05-12 11:37:45,660 12 WARNING azkatech-mss-new-dev-4890224 odoo.fields: sale.order.state: selection=[('draft', 'Quotation'), ('sent', 'Quotation Sent'), ('credit_limit', 'Credit limit'), ('sale', 'Sales Order'), ('done', 'Locked'), ('cancel', 'Cancelled')] overrides existing selection; use selection_add instead 
2022-05-12 11:37:46,837 12 WARNING azkatech-mss-new-dev-4890224 odoo.fields: sale.order.state: selection=[('draft', 'Quotation'), ('sent', 'Quotation Sent'), ('foc_approval', 'FOC Approval'), ('sale', 'Sales Order'), ('done', 'Locked'), ('cancel', 'Cancelled')] overrides existing selection; use selection_add instead 
2022-05-12 11:37:46,839 12 WARNING azkatech-mss-new-dev-4890224 odoo.fields: sale.order.state: selection=[('draft', 'Quotation'), ('sent', 'Quotation Sent'), ('credit_limit', 'Credit limit'), ('sale', 'Sales Order'), ('done', 'Locked'), ('cancel', 'Cancelled')] overrides existing selection; use selection_add instead 
2022-05-12 11:37:47,410 12 INFO azkatech-mss-new-dev-4890224 odoo.modules.registry: module sale_blanket_order: creating or updating database tables 
2022-05-12 11:37:47,705 12 WARNING azkatech-mss-new-dev-4890224 odoo.addons.base.models.ir_model: Two fields (x_studio_field_QJCLK, x_studio_field_um8Qp) of sale.order.line() have the same label: Contact. 
2022-05-12 11:37:47,708 12 WARNING azkatech-mss-new-dev-4890224 odoo.addons.base.models.ir_model: Two fields (x_studio_scheduled_date, scheduled_date) of sale.order.line() have the same label: Scheduled Date. 
2022-05-12 11:37:47,710 12 WARNING azkatech-mss-new-dev-4890224 odoo.addons.base.models.ir_model: Two fields (x_studio_sn_1, x_studio_sn) of sale.order.line() have the same label: S/N. 
2022-05-12 11:37:47,711 12 WARNING azkatech-mss-new-dev-4890224 odoo.addons.base.models.ir_model: Two fields (x_studio_field_OLuNk, x_studio_field_DVQif) of sale.order.line() have the same label: New Related Field. 
2022-05-12 11:37:47,713 12 WARNING azkatech-mss-new-dev-4890224 odoo.addons.base.models.ir_model: Two fields (x_studio_field_rG0Qc, x_studio_field_DVQif) of sale.order.line() have the same label: New Related Field. 
2022-05-12 11:37:47,714 12 WARNING azkatech-mss-new-dev-4890224 odoo.addons.base.models.ir_model: Two fields (x_studio_family_1, x_studio_family) of sale.order.line() have the same label: Family. 
2022-05-12 11:37:47,751 12 WARNING azkatech-mss-new-dev-4890224 odoo.addons.base.models.ir_model: Two fields (group_show_say_of_default_currency, show_say_of_default_currency) of res.config.settings() have the same label: Display counter value in local currency for invoice, sales order, purchase order. 
2022-05-12 11:37:47,753 12 WARNING azkatech-mss-new-dev-4890224 odoo.addons.base.models.ir_model: Two fields (group_show_tax_say_of_default_currency, show_tax_say_of_default_currency) of res.config.settings() have the same label: Display tax counter value in local currency for invoice, sales order, purchase order. 
2022-05-12 11:37:47,857 12 INFO azkatech-mss-new-dev-4890224 odoo.modules.loading: loading sale_blanket_order/security/security.xml 
2022-05-12 11:37:47,864 12 INFO azkatech-mss-new-dev-4890224 odoo.modules.loading: loading sale_blanket_order/security/ir.model.access.csv 
2022-05-12 11:37:47,908 12 INFO azkatech-mss-new-dev-4890224 odoo.modules.loading: loading sale_blanket_order/data/sequence.xml 
2022-05-12 11:37:47,911 12 INFO azkatech-mss-new-dev-4890224 odoo.modules.loading: loading sale_blanket_order/data/ir_cron.xml 
2022-05-12 11:37:47,914 12 INFO azkatech-mss-new-dev-4890224 odoo.modules.loading: loading sale_blanket_order/wizard/create_sale_orders.xml 
2022-05-12 11:37:47,938 12 INFO azkatech-mss-new-dev-4890224 odoo.modules.loading: loading sale_blanket_order/views/sale_config_settings.xml 
2022-05-12 11:37:48,690 12 INFO azkatech-mss-new-dev-4890224 odoo.modules.loading: loading sale_blanket_order/views/sale_blanket_order_views.xml 
2022-05-12 11:37:48,815 12 INFO azkatech-mss-new-dev-4890224 odoo.modules.loading: loading sale_blanket_order/views/sale_order_views.xml 
2022-05-12 11:37:49,220 12 INFO azkatech-mss-new-dev-4890224 odoo.modules.loading: loading sale_blanket_order/report/templates.xml 
2022-05-12 11:37:49,256 12 INFO azkatech-mss-new-dev-4890224 odoo.modules.loading: loading sale_blanket_order/report/report.xml 
2022-05-12 11:37:49,278 12 INFO azkatech-mss-new-dev-4890224 odoo.addons.base.models.ir_translation: module sale_blanket_order: no translation for language ar_001 
2022-05-12 11:37:49,442 12 WARNING azkatech-mss-new-dev-4890224 odoo.models: The model picking.stock.move.line has no _description 
2022-05-12 11:37:49,939 12 WARNING azkatech-mss-new-dev-4890224 odoo.fields: sale.order.state: selection=[('draft', 'Quotation'), ('sent', 'Quotation Sent'), ('foc_approval', 'FOC Approval'), ('sale', 'Sales Order'), ('done', 'Locked'), ('cancel', 'Cancelled')] overrides existing selection; use selection_add instead 
2022-05-12 11:37:49,942 12 WARNING azkatech-mss-new-dev-4890224 odoo.fields: sale.order.state: selection=[('draft', 'Quotation'), ('sent', 'Quotation Sent'), ('credit_limit', 'Credit limit'), ('sale', 'Sales Order'), ('done', 'Locked'), ('cancel', 'Cancelled')] overrides existing selection; use selection_add instead 
2022-05-12 11:37:51,695 12 INFO azkatech-mss-new-dev-4890224 odoo.modules.registry: module azk_stock_forecast_mss: creating or updating database tables 
2022-05-12 11:37:51,787 12 INFO azkatech-mss-new-dev-4890224 odoo.modules.loading: loading azk_stock_forecast_mss/views/product_stock_report.xml 
2022-05-12 11:37:51,835 12 INFO azkatech-mss-new-dev-4890224 odoo.modules.loading: loading azk_stock_forecast_mss/views/sale_order_type.xml 
2022-05-12 11:37:51,889 12 INFO azkatech-mss-new-dev-4890224 odoo.addons.base.models.ir_translation: module azk_stock_forecast_mss: no translation for language ar_001 
2022-05-12 11:37:51,917 12 WARNING azkatech-mss-new-dev-4890224 odoo.models: The model crm.lead.product has no _description 
2022-05-12 11:37:51,974 12 INFO azkatech-mss-new-dev-4890224 odoo.modules.loading: 299 modules loaded in 21.41s, 186 queries 
2022-05-12 11:37:51,986 12 INFO azkatech-mss-new-dev-4890224 odoo.modules.loading: loading 299 modules... 
2022-05-12 11:37:51,987 12 INFO azkatech-mss-new-dev-4890224 odoo.modules.loading: 299 modules loaded in 0.00s, 0 queries 
2022-05-12 11:37:51,998 12 INFO azkatech-mss-new-dev-4890224 odoo.modules.loading: loading 299 modules... 
2022-05-12 11:37:51,999 12 INFO azkatech-mss-new-dev-4890224 odoo.modules.loading: 299 modules loaded in 0.00s, 0 queries 
2022-05-12 11:37:52,602 12 WARNING azkatech-mss-new-dev-4890224 odoo.fields: sale.order.state: selection=[('draft', 'Quotation'), ('sent', 'Quotation Sent'), ('foc_approval', 'FOC Approval'), ('sale', 'Sales Order'), ('done', 'Locked'), ('cancel', 'Cancelled')] overrides existing selection; use selection_add instead 
2022-05-12 11:37:52,606 12 WARNING azkatech-mss-new-dev-4890224 odoo.fields: sale.order.state: selection=[('draft', 'Quotation'), ('sent', 'Quotation Sent'), ('credit_limit', 'Credit limit'), ('sale', 'Sales Order'), ('done', 'Locked'), ('cancel', 'Cancelled')] overrides existing selection; use selection_add instead 
2022-05-12 11:37:52,608 12 WARNING azkatech-mss-new-dev-4890224 odoo.fields: sale.order.state: selection=[('draft', 'Quotation'), ('manager_approval', 'Manager Approval'), ('discount_approval', 'Discount Approval'), ('foc_approval', 'FOC Approval'), ('confirmed_sale', 'Confirmed Sale'), ('sent', 'Quotation Sent'), ('credit_limit', 'Credit limit'), ('sale', 'Sales Order'), ('done', 'Locked'), ('cancel', 'Cancelled')] overrides existing selection; use selection_add instead 
2022-05-12 11:37:53,136 12 WARNING azkatech-mss-new-dev-4890224 odoo.modules.loading: The model xx.product.classification has no access rules, consider adding one. E.g. access_xx_product_classification,access_xx_product_classification,model_xx_product_classification,base.group_user,1,0,0,0 
2022-05-12 11:37:53,145 12 WARNING azkatech-mss-new-dev-4890224 odoo.modules.loading: The transient model azk_appraisal_batch.appraisal.batch (Appraisal Batch) should not have explicit access rules! 
2022-05-12 11:37:53,618 12 INFO azkatech-mss-new-dev-4890224 odoo.modules.loading: Model sql.request.mixin is declared but cannot be loaded! (Perhaps a module was partially removed or renamed) 
2022-05-12 11:37:53,733 12 INFO azkatech-mss-new-dev-4890224 odoo.modules.registry: verifying fields for every extended model 
2022-05-12 11:37:54,573 12 WARNING azkatech-mss-new-dev-4890224 odoo.addons.base.models.ir_model: Two fields (x_studio_field_sqnsp, x_studio_field_k7cLJ) of account.move.line() have the same label: Contact. 
2022-05-12 11:37:54,576 12 WARNING azkatech-mss-new-dev-4890224 odoo.addons.base.models.ir_model: Two fields (x_studio_account_type_1, x_studio_account_type) of account.move.line() have the same label: Account Type. 
2022-05-12 11:37:54,578 12 WARNING azkatech-mss-new-dev-4890224 odoo.addons.base.models.ir_model: Two fields (x_studio_currency, currency_id) of account.move.line() have the same label: Currency. 
2022-05-12 11:37:54,579 12 WARNING azkatech-mss-new-dev-4890224 odoo.addons.base.models.ir_model: Two fields (x_studio_subtotal_in_lcurr_bill, x_studio_subtotal_in_lcurr) of account.move.line() have the same label: Subtotal in LCurr. 
2022-05-12 11:37:54,581 12 WARNING azkatech-mss-new-dev-4890224 odoo.addons.base.models.ir_model: Two fields (x_studio_tax_id_bill, x_studio_tax_id) of account.move.line() have the same label: Tax ID. 
2022-05-12 11:37:54,582 12 WARNING azkatech-mss-new-dev-4890224 odoo.addons.base.models.ir_model: Two fields (x_studio_currency_bill, currency_id) of account.move.line() have the same label: Currency. 
2022-05-12 11:37:54,584 12 WARNING azkatech-mss-new-dev-4890224 odoo.addons.base.models.ir_model: Two fields (x_cost, x_studio_cost) of account.move.line() have the same label: Cost. 
2022-05-12 11:37:54,585 12 WARNING azkatech-mss-new-dev-4890224 odoo.addons.base.models.ir_model: Two fields (x_studio_hospital_channel_1, x_studio_hospital_channel) of account.move.line() have the same label: Hospital Channel. 
2022-05-12 11:37:54,587 12 WARNING azkatech-mss-new-dev-4890224 odoo.addons.base.models.ir_model: Two fields (x_studio_product_type, product_type) of account.move.line() have the same label: Product Type. 
2022-05-12 11:37:54,588 12 WARNING azkatech-mss-new-dev-4890224 odoo.addons.base.models.ir_model: Two fields (x_studio_type, type) of account.move.line() have the same label: Type. 
2022-05-12 11:37:54,958 12 WARNING azkatech-mss-new-dev-4890224 odoo.addons.base.models.ir_model: Two fields (x_studio_supplier_invoice_date_1, x_studio_supplier_invoice_date) of stock.picking() have the same label: Inv. Date. 
2022-05-12 11:37:55,172 12 WARNING azkatech-mss-new-dev-4890224 odoo.addons.base.models.ir_model: Two fields (unique_code, id) of res.users() have the same label: ID. 
2022-05-12 11:37:55,175 12 WARNING azkatech-mss-new-dev-4890224 odoo.addons.base.models.ir_model: Two fields (x_studio_field_vh87n, x_studio_field_ETjpp) of res.users() have the same label: New One2many. 
2022-05-12 11:37:55,177 12 WARNING azkatech-mss-new-dev-4890224 odoo.addons.base.models.ir_model: Two fields (x_studio_field_IEiSd, x_studio_field_ETjpp) of res.users() have the same label: New One2many. 
2022-05-12 11:37:55,179 12 WARNING azkatech-mss-new-dev-4890224 odoo.addons.base.models.ir_model: Two fields (x_studio_field_ORUhm, x_studio_field_ETjpp) of res.users() have the same label: New One2many. 
2022-05-12 11:37:55,181 12 WARNING azkatech-mss-new-dev-4890224 odoo.addons.base.models.ir_model: Two fields (x_studio_field_iBuYJ, x_studio_field_2Dv0u) of res.users() have the same label: Surgeries By Hospital. 
2022-05-12 11:37:55,182 12 WARNING azkatech-mss-new-dev-4890224 odoo.addons.base.models.ir_model: Two fields (x_studio_surgeries_by_hospital, x_studio_field_2Dv0u) of res.users() have the same label: Surgeries By Hospital. 
2022-05-12 11:37:55,185 12 WARNING azkatech-mss-new-dev-4890224 odoo.addons.base.models.ir_model: Two fields (x_studio_field_j1StH, x_studio_field_2Dv0u) of res.users() have the same label: Surgeries By Hospital. 
2022-05-12 11:37:55,186 12 WARNING azkatech-mss-new-dev-4890224 odoo.addons.base.models.ir_model: Two fields (x_studio_surgeries_by_hospital_1, x_studio_field_2Dv0u) of res.users() have the same label: Surgeries By Hospital. 
2022-05-12 11:37:55,188 12 WARNING azkatech-mss-new-dev-4890224 odoo.addons.base.models.ir_model: Two fields (x_studio_contact_type, company_type) of res.users() have the same label: Company Type. 
2022-05-12 11:37:55,300 12 WARNING azkatech-mss-new-dev-4890224 odoo.addons.base.models.ir_model: Two fields (x_studio_field_QJCLK, x_studio_field_um8Qp) of sale.order.line() have the same label: Contact. 
2022-05-12 11:37:55,303 12 WARNING azkatech-mss-new-dev-4890224 odoo.addons.base.models.ir_model: Two fields (x_studio_scheduled_date, scheduled_date) of sale.order.line() have the same label: Scheduled Date. 
2022-05-12 11:37:55,305 12 WARNING azkatech-mss-new-dev-4890224 odoo.addons.base.models.ir_model: Two fields (x_studio_sn_1, x_studio_sn) of sale.order.line() have the same label: S/N. 
2022-05-12 11:37:55,307 12 WARNING azkatech-mss-new-dev-4890224 odoo.addons.base.models.ir_model: Two fields (x_studio_field_OLuNk, x_studio_field_DVQif) of sale.order.line() have the same label: New Related Field. 
2022-05-12 11:37:55,308 12 WARNING azkatech-mss-new-dev-4890224 odoo.addons.base.models.ir_model: Two fields (x_studio_field_rG0Qc, x_studio_field_DVQif) of sale.order.line() have the same label: New Related Field. 
2022-05-12 11:37:55,310 12 WARNING azkatech-mss-new-dev-4890224 odoo.addons.base.models.ir_model: Two fields (x_studio_family_1, x_studio_family) of sale.order.line() have the same label: Family. 
2022-05-12 11:37:55,363 12 WARNING azkatech-mss-new-dev-4890224 odoo.addons.base.models.ir_model: Two fields (id, unique_code) of res.partner() have the same label: ID. 
2022-05-12 11:37:55,365 12 WARNING azkatech-mss-new-dev-4890224 odoo.addons.base.models.ir_model: Two fields (x_studio_field_vh87n, x_studio_field_ETjpp) of res.partner() have the same label: New One2many. 
2022-05-12 11:37:55,367 12 WARNING azkatech-mss-new-dev-4890224 odoo.addons.base.models.ir_model: Two fields (x_studio_field_IEiSd, x_studio_field_ETjpp) of res.partner() have the same label: New One2many. 
2022-05-12 11:37:55,369 12 WARNING azkatech-mss-new-dev-4890224 odoo.addons.base.models.ir_model: Two fields (x_studio_field_ORUhm, x_studio_field_ETjpp) of res.partner() have the same label: New One2many. 
2022-05-12 11:37:55,371 12 WARNING azkatech-mss-new-dev-4890224 odoo.addons.base.models.ir_model: Two fields (x_studio_field_iBuYJ, x_studio_field_2Dv0u) of res.partner() have the same label: Surgeries By Hospital. 
2022-05-12 11:37:55,372 12 WARNING azkatech-mss-new-dev-4890224 odoo.addons.base.models.ir_model: Two fields (x_studio_surgeries_by_hospital, x_studio_field_2Dv0u) of res.partner() have the same label: Surgeries By Hospital. 
2022-05-12 11:37:55,374 12 WARNING azkatech-mss-new-dev-4890224 odoo.addons.base.models.ir_model: Two fields (x_studio_field_j1StH, x_studio_field_2Dv0u) of res.partner() have the same label: Surgeries By Hospital. 
2022-05-12 11:37:55,376 12 WARNING azkatech-mss-new-dev-4890224 odoo.addons.base.models.ir_model: Two fields (x_studio_surgeries_by_hospital_1, x_studio_field_2Dv0u) of res.partner() have the same label: Surgeries By Hospital. 
2022-05-12 11:37:55,378 12 WARNING azkatech-mss-new-dev-4890224 odoo.addons.base.models.ir_model: Two fields (x_studio_contact_type, company_type) of res.partner() have the same label: Company Type. 
2022-05-12 11:37:55,545 12 WARNING azkatech-mss-new-dev-4890224 odoo.addons.base.models.ir_model: Two fields (group_show_say_of_default_currency, show_say_of_default_currency) of res.config.settings() have the same label: Display counter value in local currency for invoice, sales order, purchase order. 
2022-05-12 11:37:55,547 12 WARNING azkatech-mss-new-dev-4890224 odoo.addons.base.models.ir_model: Two fields (group_show_tax_say_of_default_currency, show_tax_say_of_default_currency) of res.config.settings() have the same label: Display tax counter value in local currency for invoice, sales order, purchase order. 
2022-05-12 11:37:55,679 12 WARNING azkatech-mss-new-dev-4890224 odoo.addons.base.models.ir_model: Two fields (x_studio_field_PAVsB, invoice_user_id) of account.move() have the same label: Salesperson. 
2022-05-12 11:37:55,684 12 WARNING azkatech-mss-new-dev-4890224 odoo.addons.base.models.ir_model: Two fields (x_studio_journal_type, x_studio_journal_type_1) of account.move() have the same label: Journal Type. 
2022-05-12 11:37:55,686 12 WARNING azkatech-mss-new-dev-4890224 odoo.addons.base.models.ir_model: Two fields (x_studio_field_qPupQ, x_studio_field_3Hf02) of account.move() have the same label: New Related Field. 
2022-05-12 11:37:55,700 12 WARNING azkatech-mss-new-dev-4890224 odoo.addons.base.models.ir_model: Two fields (x_studio_total_cost_amount, x_inv_cost_totals) of account.move() have the same label: Total Cost Amount. 
2022-05-12 11:37:55,734 12 WARNING azkatech-mss-new-dev-4890224 odoo.addons.base.models.ir_model: Two fields (x_studio_division, division_id) of account.move() have the same label: Division. 
2022-05-12 11:38:00,250 12 WARNING azkatech-mss-new-dev-4890224 odoo.models: @api.onchange('product_id', 'product_template_id') parameters must be field names -> not valid: ['product_template_id'] 
2022-05-12 11:38:04,062 12 INFO azkatech-mss-new-dev-4890224 odoo.modules.loading: Modules loaded. 
2022-05-12 11:38:04,106 12 INFO azkatech-mss-new-dev-4890224 odoo.service.server: Initiating shutdown 
2022-05-12 11:38:04,106 12 INFO azkatech-mss-new-dev-4890224 odoo.service.server: Hit CTRL-C again or send a second signal to force the shutdown. 
2022-05-12 11:38:04,107 12 INFO azkatech-mss-new-dev-4890224 odoo.sql_db: ConnectionPool(used=0/count=0/max=16): Closed 2 connections  
